2024-06-19 11:49:20,096 - error - ERROR - newcar(سمند، LX)
2024-06-19 11:49:20,101 - error - ERROR - newcar(فونیکس، FX)
2024-06-19 11:49:20,104 - error - ERROR - newcar(فیدلیتی، پرایم)
2024-06-19 11:49:20,107 - error - ERROR - newcar(فونیکس، FX)
2024-06-19 11:49:20,110 - error - ERROR - newcar(فونیکس، FX)
2024-06-19 11:49:20,112 - error - ERROR - newcar(فونیکس، FX)
2024-06-19 11:49:20,115 - error - ERROR - newcar(فونیکس، FX)
2024-06-19 11:49:20,117 - error - ERROR - newcar(فیدلیتی، پرایم)
2024-06-19 11:49:20,121 - error - ERROR - newcar(فونیکس، FX)
2024-06-19 11:49:20,124 - error - ERROR - newcar(فیدلیتی، پرستیژ)
2024-06-19 11:49:20,126 - error - ERROR - newcar(ریسپکت، پرایم)
2024-06-19 11:49:20,129 - error - ERROR - newcar(ریسپکت، پرایم)
2024-06-19 11:49:20,132 - error - ERROR - newcar(فیدلیتی، پرایم)
2024-06-19 11:49:20,134 - error - ERROR - newcar(هایما، S5)
2024-06-19 11:49:20,137 - error - ERROR - newcar(فیدلیتی، پرایم)
2024-06-19 11:49:20,139 - error - ERROR - newcar(هایما، S5)
2024-06-19 11:49:20,140 - error - ERROR - newcar(فونیکس، FX)
2024-06-19 11:49:20,142 - error - ERROR - newcar(فونیکس، FX)
2024-06-19 11:49:20,145 - error - ERROR - newcar(فونیکس، FX)
2024-06-19 11:49:20,146 - error - ERROR - newcar(هایما، S5)
2024-06-19 11:49:20,146 - error - ERROR - newcar(تیبا، صندوق دار)
2024-06-19 11:49:20,149 - error - ERROR - newcar(فونیکس، FX)
2024-06-19 11:49:20,156 - error - ERROR - newcar(فیدلیتی، پرستیژ)
2024-06-19 11:49:20,161 - error - ERROR - newcar(تیبا، صندوق دار)
2024-06-19 11:49:20,164 - error - ERROR - newcar(فونیکس، FX)
2024-06-19 11:49:20,168 - error - ERROR - newcar(فونیکس، FX)
2024-06-19 11:49:20,171 - error - ERROR - newcar(فونیکس، FX)
2024-06-19 11:49:20,173 - error - ERROR - newcar(فونیکس، FX)
2024-06-19 11:49:20,175 - error - ERROR - newcar(فونیکس، FX)
2024-06-19 11:49:20,177 - error - ERROR - newcar(فیدلیتی، پرستیژ)
2024-06-19 11:49:20,184 - error - ERROR - newcar(فونیکس، FX)
2024-06-19 11:49:20,186 - error - ERROR - newcar(کی ام سی، X5)
2024-06-19 11:49:20,187 - error - ERROR - newcar(تیبا، صندوق دار)
2024-06-19 11:49:20,194 - error - ERROR - newcar(هایما، S5)
2024-06-19 11:49:20,196 - error - ERROR - newcar(کی ام سی، X5)
2024-06-19 11:49:20,198 - error - ERROR - newcar(فیدلیتی، پرایم)
2024-06-19 11:49:20,200 - error - ERROR - newcar(فیدلیتی، پرستیژ)
2024-06-19 11:49:20,203 - error - ERROR - newcar(فیدلیتی، پرستیژ)
2024-06-19 11:49:20,205 - error - ERROR - newcar(فونیکس، FX)
2024-06-19 11:49:20,207 - error - ERROR - newcar(فونیکس، FX)
2024-06-19 11:49:20,209 - error - ERROR - newcar(فونیکس، FX)
2024-06-19 11:49:20,211 - error - ERROR - newcar(فونیکس، FX)
2024-06-19 11:49:20,218 - error - ERROR - newcar(ریسپکت، پرایم)
2024-06-19 11:49:20,220 - error - ERROR - newcar(فیدلیتی، پرستیژ)
2024-06-19 11:49:20,220 - error - ERROR - newcar(فیدلیتی، پرایم)
2024-06-19 11:49:20,223 - error - ERROR - newcar(فیدلیتی، پرایم)
2024-06-19 11:49:20,227 - error - ERROR - newcar(فیدلیتی، پرایم)
2024-06-19 11:49:20,230 - error - ERROR - newcar(کی ام سی، X5)
2024-06-19 11:49:20,232 - error - ERROR - newcar(فونیکس، FX)
2024-06-19 11:49:20,233 - error - ERROR - newcar(تیبا، صندوق دار)
2024-06-19 11:49:20,235 - error - ERROR - newcar(ریسپکت، پرایم)
2024-06-19 11:49:20,237 - error - ERROR - newcar(فونیکس، FX)
2024-06-19 11:49:20,239 - error - ERROR - newcar(فیدلیتی، پرستیژ)
2024-06-19 11:49:20,242 - error - ERROR - newcar(فونیکس، FX)
2024-06-19 11:49:20,244 - error - ERROR - newcar(فونیکس، FX)
2024-06-19 11:49:20,246 - error - ERROR - newcar(فونیکس، FX)
2024-06-19 11:49:20,249 - error - ERROR - newcar(کارا، دو کابین)
2024-06-19 11:49:20,252 - error - ERROR - newcar(فونیکس، FX)
2024-06-19 11:49:20,256 - error - ERROR - newcar(فونیکس، FX)
2024-06-19 11:49:20,262 - error - ERROR - newcar(فیدلیتی، پرایم)
2024-06-19 11:49:20,265 - error - ERROR - newcar(فیدلیتی، پرایم)
2024-06-19 11:49:20,267 - error - ERROR - newcar(فیدلیتی، پرایم)
2024-06-19 11:49:20,269 - error - ERROR - newcar(فیدلیتی، پرایم)
2024-06-19 11:49:20,271 - error - ERROR - newcar(سمند، LX)
2024-06-19 11:49:20,273 - error - ERROR - newcar(لکسوس، GS)
2024-06-19 11:49:20,276 - error - ERROR - newcar(هایما، S5)
2024-06-19 11:49:20,278 - error - ERROR - newcar(کی ام سی، X5)
2024-06-19 11:49:20,280 - error - ERROR - newcar(ریسپکت، پرایم)
2024-06-19 11:49:20,283 - error - ERROR - newcar(ریسپکت، پرایم)
2024-06-19 11:49:20,290 - error - ERROR - newcar(کی ام سی، X5)
2024-06-19 11:49:20,295 - error - ERROR - newcar(فیدلیتی، پرایم)
2024-06-19 11:49:20,296 - error - ERROR - newcar(فونیکس، FX)
2024-06-19 11:49:20,299 - error - ERROR - newcar(فونیکس، FX)
2024-06-19 11:49:20,300 - error - ERROR - newcar(فیدلیتی، پرایم)
2024-06-19 11:49:20,300 - error - ERROR - newcar(فیدلیتی، پرایم)
2024-06-19 11:49:20,301 - error - ERROR - newcar(فیدلیتی، پرایم)
2024-06-19 11:49:20,306 - error - ERROR - newcar(کی ام سی، X5)
2024-06-19 11:49:20,308 - error - ERROR - newcar(لکسوس، GS)
2024-06-19 11:49:20,310 - error - ERROR - newcar(کی ام سی، X5)
2024-06-19 11:49:20,315 - error - ERROR - newcar(فیدلیتی، پرایم)
2024-06-19 11:49:20,317 - error - ERROR - newcar(فونیکس، FX)
2024-06-19 11:49:20,320 - error - ERROR - newcar(فونیکس، FX)
2024-06-19 11:49:20,322 - error - ERROR - newcar(فونیکس، FX)
2024-06-19 11:49:20,325 - error - ERROR - newcar(فیدلیتی، پرایم)
2024-06-19 11:49:20,327 - error - ERROR - newcar(کی ام سی، X5)
2024-06-19 11:49:20,330 - error - ERROR - newcar(کی ام سی، X5)
2024-06-19 11:49:20,332 - error - ERROR - newcar(فونیکس، FX)
2024-06-19 11:49:20,334 - error - ERROR - newcar(فونیکس، FX)
2024-06-19 11:49:20,337 - error - ERROR - newcar(فونیکس، FX)
2024-06-19 11:49:20,340 - error - ERROR - newcar(فونیکس، FX)
2024-06-19 11:49:20,343 - error - ERROR - newcar(کی ام سی، X5)
2024-06-19 11:49:20,346 - error - ERROR - newcar(فیدلیتی، پرستیژ)
2024-06-19 11:49:20,347 - error - ERROR - newcar(فیدلیتی، پرایم)
2024-06-19 11:49:20,350 - error - ERROR - newcar(فیدلیتی، پرایم)
2024-06-19 11:49:20,351 - error - ERROR - newcar(سمند، LX)
2024-06-19 11:49:20,351 - error - ERROR - newcar(لکسوس، LX)
2024-06-19 11:49:20,352 - error - ERROR - newcar(سمند، LX)
2024-06-19 11:49:20,353 - error - ERROR - newcar(فونیکس، FX)
2024-06-19 11:49:20,354 - error - ERROR - newcar(تیبا، صندوق دار)
2024-06-19 11:49:20,355 - error - ERROR - newcar(بنز، کلاسیک)
2024-06-19 11:49:20,355 - error - ERROR - newcar(تیبا، هاچ بک)
2024-06-19 11:49:20,359 - error - ERROR - newcar(سمند، LX)
2024-06-19 11:49:20,359 - error - ERROR - newcar(شورولت، وانت)
2024-06-19 11:49:20,360 - error - ERROR - newcar(ریسپکت، پرایم)
2024-06-19 11:49:20,361 - error - ERROR - newcar(سمند، LX)
2024-06-19 11:49:20,362 - error - ERROR - newcar(فیدلیتی، پرایم)
2024-06-19 11:49:20,365 - error - ERROR - newcar(فونیکس، FX)
