2024-06-19 11:07:58,898 - info - INFO - Starting vehicle parsing process.
2024-06-19 11:07:59,365 - info - INFO - Vehicle parsing completed successfully.
2024-06-19 11:18:42,851 - info - INFO - ad with code 'rsudkuew' parsed..
2024-06-19 11:18:42,898 - info - INFO - ad with code 'ajprchnx' parsed..
2024-06-19 11:18:42,912 - info - INFO - ad with code '5iyak9dd' parsed..
2024-06-19 11:18:42,920 - info - INFO - ad with code '3nzgkpox' parsed..
2024-06-19 11:18:42,923 - info - INFO - ad with code 'qdb1c6an' parsed..
2024-06-19 11:18:42,926 - info - INFO - ad with code 'xyqillmr' parsed..
2024-06-19 11:18:42,931 - info - INFO - ad with code '8ewnolbv' parsed..
2024-06-19 11:18:42,936 - info - INFO - ad with code 'j9vuhted' parsed..
2024-06-19 11:18:42,941 - info - INFO - ad with code 'qrwstbzh' parsed..
2024-06-19 11:18:42,945 - info - INFO - ad with code '3dxsf6vp' parsed..
2024-06-19 11:18:42,955 - info - INFO - ad with code 'cw6h9ee8' parsed..
2024-06-19 11:18:42,970 - info - INFO - ad with code 'l6o2vsay' parsed..
2024-06-19 11:18:42,974 - info - INFO - ad with code '1czjvvwk' parsed..
2024-06-19 11:18:42,978 - info - INFO - ad with code '8ykmfnoz' parsed..
2024-06-19 11:18:42,983 - info - INFO - ad with code 'anu0ilv5' parsed..
2024-06-19 11:18:42,987 - info - INFO - ad with code 'nmfar4rd' parsed..
2024-06-19 11:18:42,992 - info - INFO - ad with code 'ibvqhhnl' parsed..
2024-06-19 11:18:42,996 - info - INFO - ad with code '1kqfzmod' parsed..
2024-06-19 11:18:43,001 - info - INFO - ad with code 'bkwt9qfy' parsed..
2024-06-19 11:18:43,006 - info - INFO - ad with code 'dqwmsjmc' parsed..
2024-06-19 11:18:43,010 - info - INFO - ad with code 'xv285iel' parsed..
2024-06-19 11:18:43,015 - info - INFO - ad with code 'ea3gyvmi' parsed..
2024-06-19 11:18:43,021 - info - INFO - ad with code '0gbzsqr5' parsed..
2024-06-19 11:18:43,026 - info - INFO - ad with code 'vayplioi' parsed..
2024-06-19 11:18:43,028 - info - INFO - ad with code 'dn7fjfnb' parsed..
2024-06-19 11:18:43,033 - info - INFO - ad with code 'punsxzjl' parsed..
2024-06-19 11:18:43,037 - info - INFO - ad with code 'hnocieby' parsed..
2024-06-19 11:18:43,040 - info - INFO - ad with code '60u4snlv' parsed..
2024-06-19 11:18:43,044 - info - INFO - ad with code '5du1ibbc' parsed..
2024-06-19 11:18:43,049 - info - INFO - ad with code 'anzvtzdf' parsed..
2024-06-19 11:18:43,053 - info - INFO - ad with code 'zdlao391' parsed..
2024-06-19 11:18:43,055 - info - INFO - ad with code '9s1r5usi' parsed..
2024-06-19 11:18:43,060 - info - INFO - ad with code 'alcwwsie' parsed..
2024-06-19 11:18:43,063 - info - INFO - ad with code 'pbitlefh' parsed..
2024-06-19 11:18:43,067 - info - INFO - ad with code 'rrptzbbc' parsed..
2024-06-19 11:18:43,070 - info - INFO - ad with code 'ibqmqguj' parsed..
2024-06-19 11:18:43,072 - info - INFO - ad with code 'dcyj7xgd' parsed..
2024-06-19 11:18:43,075 - info - INFO - ad with code 'desqhsb9' parsed..
2024-06-19 11:18:43,081 - info - INFO - ad with code 'nbxpbzqn' parsed..
2024-06-19 11:18:43,088 - info - INFO - ad with code 'x1mnye6s' parsed..
2024-06-19 11:18:43,095 - info - INFO - ad with code 'v2osmbgh' parsed..
2024-06-19 11:18:43,099 - info - INFO - ad with code 'vw8jkyia' parsed..
2024-06-19 11:18:43,103 - info - INFO - ad with code 'srqkg5mp' parsed..
2024-06-19 11:18:43,110 - info - INFO - ad with code '4gdl3ww1' parsed..
2024-06-19 11:18:43,114 - info - INFO - ad with code 'jek1w7t0' parsed..
2024-06-19 11:18:43,122 - info - INFO - ad with code 'fvs87oqj' parsed..
2024-06-19 11:18:43,127 - info - INFO - ad with code '1ajvr6ea' parsed..
2024-06-19 11:18:43,132 - info - INFO - ad with code 'lff3xujd' parsed..
2024-06-19 11:18:43,136 - info - INFO - ad with code 'zgtuxmld' parsed..
2024-06-19 11:18:43,154 - info - INFO - ad with code 'lihor21r' parsed..
2024-06-19 11:18:43,162 - info - INFO - ad with code 'bpsckrzj' parsed..
2024-06-19 11:18:43,167 - info - INFO - ad with code 'eybnexza' parsed..
2024-06-19 11:18:43,171 - info - INFO - ad with code '1idsh346' parsed..
2024-06-19 11:18:43,178 - info - INFO - ad with code 'zd70316l' parsed..
2024-06-19 11:18:43,183 - info - INFO - ad with code 'kuiq8r5v' parsed..
2024-06-19 11:18:43,187 - info - INFO - ad with code 'gqhwn8l5' parsed..
2024-06-19 11:18:43,191 - info - INFO - ad with code 'njb1p8aq' parsed..
2024-06-19 11:18:43,198 - info - INFO - ad with code 'x16kzote' parsed..
2024-06-19 11:18:43,203 - info - INFO - ad with code 'gjtjxwvo' parsed..
2024-06-19 11:18:43,208 - info - INFO - ad with code '5jpsaf0s' parsed..
2024-06-19 11:18:43,214 - info - INFO - ad with code 'fpq5osr2' parsed..
2024-06-19 11:18:43,221 - info - INFO - ad with code 'creqnuf5' parsed..
2024-06-19 11:18:43,227 - info - INFO - ad with code 'n2pb1mwx' parsed..
2024-06-19 11:18:43,231 - info - INFO - ad with code 'psg98can' parsed..
2024-06-19 11:18:43,239 - info - INFO - ad with code 'yu21sv8a' parsed..
2024-06-19 11:18:43,246 - info - INFO - ad with code 'ypdslc1r' parsed..
2024-06-19 11:18:43,250 - info - INFO - ad with code '7hyzv9qr' parsed..
2024-06-19 11:18:43,256 - info - INFO - ad with code 'hlukrqjv' parsed..
2024-06-19 11:18:43,260 - info - INFO - ad with code 'okr51xve' parsed..
2024-06-19 11:18:43,264 - info - INFO - ad with code 'qpxmykv1' parsed..
2024-06-19 11:18:43,270 - info - INFO - ad with code 'fkqr0qig' parsed..
2024-06-19 11:18:43,273 - info - INFO - ad with code '7xwlc6sm' parsed..
2024-06-19 11:18:43,276 - info - INFO - ad with code 'gcmkxoac' parsed..
2024-06-19 11:18:43,279 - info - INFO - ad with code 'wyzzdjsv' parsed..
2024-06-19 11:18:43,287 - info - INFO - ad with code '26uze0vp' parsed..
2024-06-19 11:18:43,290 - info - INFO - ad with code 'w3tfqakm' parsed..
2024-06-19 11:18:43,294 - info - INFO - ad with code '09esscl2' parsed..
2024-06-19 11:18:43,299 - info - INFO - ad with code 'temhoqap' parsed..
2024-06-19 11:18:43,303 - info - INFO - ad with code 'vye5x1mf' parsed..
2024-06-19 11:18:43,309 - info - INFO - ad with code 'bbpvihua' parsed..
2024-06-19 11:18:43,313 - info - INFO - ad with code 'lrsjykxa' parsed..
2024-06-19 11:18:43,317 - info - INFO - ad with code 'h89kzdu6' parsed..
2024-06-19 11:18:43,324 - info - INFO - ad with code 'bcncdpfp' parsed..
2024-06-19 11:18:43,331 - info - INFO - ad with code 'zstheorj' parsed..
2024-06-19 11:18:43,339 - info - INFO - ad with code 'la2s6dwh' parsed..
2024-06-19 11:18:43,344 - info - INFO - ad with code 'wvdiophf' parsed..
2024-06-19 11:18:43,349 - info - INFO - ad with code 'xrcvlisk' parsed..
2024-06-19 11:18:43,357 - info - INFO - ad with code '7igw2mjd' parsed..
2024-06-19 11:18:43,364 - info - INFO - ad with code 'lbx6twko' parsed..
2024-06-19 11:18:43,372 - info - INFO - ad with code '6les0nwq' parsed..
2024-06-19 11:18:43,379 - info - INFO - ad with code 'mf2x6qbt' parsed..
2024-06-19 11:18:43,387 - info - INFO - ad with code 'rlbk7zrn' parsed..
2024-06-19 11:18:43,393 - info - INFO - ad with code 'dhbrtrvf' parsed..
2024-06-19 11:18:43,399 - info - INFO - ad with code 'peouvhrr' parsed..
2024-06-19 11:18:43,407 - info - INFO - ad with code 'sbescfxm' parsed..
2024-06-19 11:18:43,414 - info - INFO - ad with code 'bjsrwhx0' parsed..
2024-06-19 11:18:43,424 - info - INFO - ad with code 'jcpfgzie' parsed..
2024-06-19 11:18:43,431 - info - INFO - ad with code 'ailh3f4t' parsed..
2024-06-19 11:18:43,439 - info - INFO - ad with code 'gguziydc' parsed..
2024-06-19 11:18:43,445 - info - INFO - ad with code 'v4uiuy0h' parsed..
2024-06-19 11:18:43,452 - info - INFO - ad with code 'wdjspqoc' parsed..
2024-06-19 11:18:43,458 - info - INFO - ad with code 'mgpec1vy' parsed..
2024-06-19 11:18:43,465 - info - INFO - ad with code 'zdnqcui5' parsed..
2024-06-19 11:18:43,470 - info - INFO - ad with code 'suij8r0q' parsed..
2024-06-19 11:18:43,476 - info - INFO - ad with code 'h1jmyl2m' parsed..
2024-06-19 11:18:43,483 - info - INFO - ad with code 'bskd5xra' parsed..
2024-06-19 11:18:43,490 - info - INFO - ad with code '9l4p1lkv' parsed..
2024-06-19 11:18:43,496 - info - INFO - ad with code 'sftz6oqm' parsed..
2024-06-19 11:18:43,501 - info - INFO - ad with code 'dgcszrbz' parsed..
2024-06-19 11:18:43,509 - info - INFO - ad with code 'jiniwoho' parsed..
2024-06-19 11:18:43,516 - info - INFO - ad with code 'p5vwm21d' parsed..
2024-06-19 11:18:43,524 - info - INFO - ad with code '1hyzgpkx' parsed..
2024-06-19 11:18:43,530 - info - INFO - ad with code 'yhher2fn' parsed..
2024-06-19 11:18:43,535 - info - INFO - ad with code '31qalvi0' parsed..
2024-06-19 11:18:43,541 - info - INFO - ad with code 'pz37ty2o' parsed..
2024-06-19 11:18:43,546 - info - INFO - ad with code 'dkn40mru' parsed..
2024-06-19 11:18:43,550 - info - INFO - ad with code 'vkhngabp' parsed..
2024-06-19 11:18:43,556 - info - INFO - ad with code '2ybnykgg' parsed..
2024-06-19 11:18:43,560 - info - INFO - ad with code 'ludzmhbd' parsed..
2024-06-19 11:18:43,562 - info - INFO - ad with code 'kulosyd4' parsed..
2024-06-19 11:18:43,567 - info - INFO - ad with code 'vkxiw0y8' parsed..
2024-06-19 11:18:43,570 - info - INFO - ad with code 'k4iohwnf' parsed..
2024-06-19 11:18:43,572 - info - INFO - ad with code '7wdp9xti' parsed..
2024-06-19 11:18:43,575 - info - INFO - ad with code 'vb6m5fka' parsed..
2024-06-19 11:18:43,577 - info - INFO - ad with code 'jgr0puze' parsed..
2024-06-19 11:18:43,580 - info - INFO - ad with code 'v2jyo5lf' parsed..
2024-06-19 11:18:43,583 - info - INFO - ad with code 'jqnheav8' parsed..
2024-06-19 11:18:43,589 - info - INFO - ad with code 'xiknz9fj' parsed..
2024-06-19 11:18:43,593 - info - INFO - ad with code 'b94s0rpm' parsed..
2024-06-19 11:18:43,595 - info - INFO - ad with code 'nweop3kx' parsed..
2024-06-19 11:18:43,599 - info - INFO - ad with code '4zutto5c' parsed..
2024-06-19 11:18:43,606 - info - INFO - ad with code 'fmr5ulzx' parsed..
2024-06-19 11:18:43,611 - info - INFO - ad with code '3zl6al4e' parsed..
2024-06-19 11:18:43,615 - info - INFO - ad with code '6dojsvgz' parsed..
2024-06-19 11:18:43,621 - info - INFO - ad with code 'lu6jiqeo' parsed..
2024-06-19 11:18:43,624 - info - INFO - ad with code '7ypwdvla' parsed..
2024-06-19 11:18:43,629 - info - INFO - ad with code 'hmbzga60' parsed..
2024-06-19 11:18:43,631 - info - INFO - ad with code 'gpztpov8' parsed..
2024-06-19 11:18:43,637 - info - INFO - ad with code 'kgmxd1de' parsed..
2024-06-19 11:18:43,642 - info - INFO - ad with code 'sdeku9sm' parsed..
2024-06-19 11:18:43,645 - info - INFO - ad with code 'olluedso' parsed..
2024-06-19 11:18:43,650 - info - INFO - ad with code 'x2f4jsye' parsed..
2024-06-19 11:18:43,659 - info - INFO - ad with code 'yqfunulw' parsed..
2024-06-19 11:18:43,662 - info - INFO - ad with code 'n8tbsoxd' parsed..
2024-06-19 11:18:43,667 - info - INFO - ad with code 'd7ojmc9q' parsed..
2024-06-19 11:18:43,672 - info - INFO - ad with code 'ximtawl8' parsed..
2024-06-19 11:18:43,677 - info - INFO - ad with code 'ekx51gre' parsed..
2024-06-19 11:18:43,682 - info - INFO - ad with code 'v14nqnqy' parsed..
2024-06-19 11:18:43,685 - info - INFO - ad with code 'b9c8u4du' parsed..
2024-06-19 11:18:43,688 - info - INFO - ad with code '01wdfngq' parsed..
2024-06-19 11:18:43,693 - info - INFO - ad with code 'inojnpql' parsed..
2024-06-19 11:18:43,699 - info - INFO - ad with code 'uub1nv7t' parsed..
2024-06-19 11:18:43,706 - info - INFO - ad with code 'n9sd62fz' parsed..
2024-06-19 11:18:43,711 - info - INFO - ad with code '3hdmymju' parsed..
2024-06-19 11:18:43,717 - info - INFO - ad with code 'yt4aw7x9' parsed..
2024-06-19 11:18:43,720 - info - INFO - ad with code 'rsuwktwl' parsed..
2024-06-19 11:18:43,724 - info - INFO - ad with code '1tqf0rbn' parsed..
2024-06-19 11:18:43,729 - info - INFO - ad with code 'yuwcfpki' parsed..
2024-06-19 11:18:43,732 - info - INFO - ad with code 'ikzr81vd' parsed..
2024-06-19 11:18:43,738 - info - INFO - ad with code 'b54zupih' parsed..
2024-06-19 11:18:43,747 - info - INFO - ad with code 'yawuipna' parsed..
2024-06-19 11:18:43,757 - info - INFO - ad with code 'rh58ni0x' parsed..
2024-06-19 11:18:43,763 - info - INFO - ad with code 'mogtvvxn' parsed..
2024-06-19 11:18:43,768 - info - INFO - ad with code 'gts7gcfi' parsed..
2024-06-19 11:18:43,773 - info - INFO - ad with code 'np3zqtrk' parsed..
2024-06-19 11:18:43,779 - info - INFO - ad with code 'nqbwlhlm' parsed..
2024-06-19 11:18:43,784 - info - INFO - ad with code 'jtk8qwll' parsed..
2024-06-19 11:18:43,789 - info - INFO - ad with code 'kow7lbse' parsed..
2024-06-19 11:18:43,795 - info - INFO - ad with code 'snyzbp8x' parsed..
2024-06-19 11:18:43,800 - info - INFO - ad with code 'aydrijwm' parsed..
2024-06-19 11:18:43,805 - info - INFO - ad with code 'zwtxeyq2' parsed..
2024-06-19 11:18:43,808 - info - INFO - ad with code 'brillzcz' parsed..
2024-06-19 11:18:43,813 - info - INFO - ad with code 'vj0k3ek8' parsed..
2024-06-19 11:18:43,817 - info - INFO - ad with code 'vdwxr8ez' parsed..
2024-06-19 11:18:43,823 - info - INFO - ad with code '9pvekiuu' parsed..
2024-06-19 11:18:43,828 - info - INFO - ad with code '2jrlyxoe' parsed..
2024-06-19 11:18:43,832 - info - INFO - ad with code 'mw8ocuns' parsed..
2024-06-19 11:18:43,838 - info - INFO - ad with code 'p1dtciop' parsed..
2024-06-19 11:18:43,848 - info - INFO - ad with code 'elfhbvaz' parsed..
2024-06-19 11:18:43,856 - info - INFO - ad with code 'rdvsxxt8' parsed..
2024-06-19 11:18:43,861 - info - INFO - ad with code 'mmq2vflx' parsed..
2024-06-19 11:18:43,865 - info - INFO - ad with code 'dcvne0mn' parsed..
2024-06-19 11:18:43,873 - info - INFO - ad with code 'jo20ys4u' parsed..
2024-06-19 11:18:43,880 - info - INFO - ad with code 'hjnlqs4y' parsed..
2024-06-19 11:18:43,885 - info - INFO - ad with code 'veu8wk0w' parsed..
2024-06-19 11:18:43,890 - info - INFO - ad with code 'fjb0ninh' parsed..
2024-06-19 11:18:43,894 - info - INFO - ad with code '9cttexk4' parsed..
2024-06-19 11:18:43,899 - info - INFO - ad with code 'dwkr0wcv' parsed..
2024-06-19 11:18:43,904 - info - INFO - ad with code 'yisn3bvo' parsed..
2024-06-19 11:18:43,909 - info - INFO - ad with code 'sr4dkfew' parsed..
2024-06-19 11:18:43,913 - info - INFO - ad with code 'xo2mycgb' parsed..
2024-06-19 11:18:43,918 - info - INFO - ad with code 'zz6pubec' parsed..
2024-06-19 11:18:43,923 - info - INFO - ad with code '7mi9wop0' parsed..
2024-06-19 11:18:43,927 - info - INFO - ad with code 'o1u7cgpw' parsed..
2024-06-19 11:18:43,932 - info - INFO - ad with code '90mpijcv' parsed..
2024-06-19 11:18:43,937 - info - INFO - ad with code 'rtjadrg5' parsed..
2024-06-19 11:18:43,942 - info - INFO - ad with code 'iclkwfh8' parsed..
2024-06-19 11:18:43,946 - info - INFO - ad with code 'wgokc9ez' parsed..
2024-06-19 11:18:43,951 - info - INFO - ad with code 'eqoyjqpz' parsed..
2024-06-19 11:18:43,957 - info - INFO - ad with code 'gtsx2yon' parsed..
2024-06-19 11:18:43,962 - info - INFO - ad with code 'tu5ah2se' parsed..
2024-06-19 11:18:43,968 - info - INFO - ad with code '76sux14e' parsed..
2024-06-19 11:18:43,973 - info - INFO - ad with code 'rpvzt5nv' parsed..
2024-06-19 11:18:43,978 - info - INFO - ad with code 'lztdwoog' parsed..
2024-06-19 11:18:43,983 - info - INFO - ad with code 'dg4x2hkv' parsed..
2024-06-19 11:18:43,988 - info - INFO - ad with code 'sreggwvq' parsed..
2024-06-19 11:18:43,991 - info - INFO - ad with code 'gwepjglx' parsed..
2024-06-19 11:18:43,998 - info - INFO - ad with code 'wn5qd4lq' parsed..
2024-06-19 11:18:44,003 - info - INFO - ad with code 'jciaksec' parsed..
2024-06-19 11:18:44,008 - info - INFO - ad with code '9tv0owfi' parsed..
2024-06-19 11:18:44,015 - info - INFO - ad with code 's4nivx97' parsed..
2024-06-19 11:18:44,021 - info - INFO - ad with code 'n8uzx0r7' parsed..
2024-06-19 11:18:44,026 - info - INFO - ad with code 'rahdsnrb' parsed..
2024-06-19 11:18:44,031 - info - INFO - ad with code 'ayf2qdvz' parsed..
2024-06-19 11:18:44,037 - info - INFO - ad with code 'zkg0ffmn' parsed..
2024-06-19 11:18:44,043 - info - INFO - ad with code 'ydrple4h' parsed..
2024-06-19 11:18:44,048 - info - INFO - ad with code 'ws0pcd5e' parsed..
2024-06-19 11:18:44,054 - info - INFO - ad with code 'rjvmdxc1' parsed..
2024-06-19 11:18:44,060 - info - INFO - ad with code 'xihrvgfj' parsed..
2024-06-19 11:18:44,064 - info - INFO - ad with code 'slpmou5i' parsed..
2024-06-19 11:18:44,070 - info - INFO - ad with code 'xg8qu06v' parsed..
2024-06-19 11:18:44,072 - info - INFO - ad with code 'euoick2f' parsed..
2024-06-19 11:18:44,076 - info - INFO - ad with code 'zq7onmvf' parsed..
2024-06-19 11:18:44,081 - info - INFO - ad with code 'nxvk3zfi' parsed..
2024-06-19 11:18:44,087 - info - INFO - ad with code 'q8qrtyz1' parsed..
2024-06-19 11:18:44,096 - info - INFO - ad with code 'ulhse6p5' parsed..
2024-06-19 11:18:44,101 - info - INFO - ad with code 'l26zqjom' parsed..
2024-06-19 11:18:44,107 - info - INFO - ad with code '4mvjn18c' parsed..
2024-06-19 11:18:44,113 - info - INFO - ad with code '0dvtri1n' parsed..
2024-06-19 11:18:44,118 - info - INFO - ad with code 'avckoftv' parsed..
2024-06-19 11:18:44,124 - info - INFO - ad with code 'j4tn9ryz' parsed..
2024-06-19 11:18:44,128 - info - INFO - ad with code 'megmj21b' parsed..
2024-06-19 11:18:44,133 - info - INFO - ad with code 'uxkgdvha' parsed..
2024-06-19 11:18:44,138 - info - INFO - ad with code 'ak3ykipb' parsed..
2024-06-19 11:18:44,143 - info - INFO - ad with code 'lxtd5mvw' parsed..
2024-06-19 11:18:44,147 - info - INFO - ad with code 'r5z0htgd' parsed..
2024-06-19 11:18:44,151 - info - INFO - ad with code 'k0xltj8l' parsed..
2024-06-19 11:18:44,157 - info - INFO - ad with code '0zkfb8tw' parsed..
2024-06-19 11:18:44,161 - info - INFO - ad with code 'l4qwzv09' parsed..
2024-06-19 11:18:44,164 - info - INFO - ad with code 'yrnzzxbl' parsed..
2024-06-19 11:18:44,169 - info - INFO - ad with code 'mcwyb3gz' parsed..
2024-06-19 11:18:44,173 - info - INFO - ad with code '5jbodmxz' parsed..
2024-06-19 11:18:44,176 - info - INFO - ad with code 'hjtqspya' parsed..
2024-06-19 11:18:44,180 - info - INFO - ad with code 'p2utkzwc' parsed..
2024-06-19 11:18:44,185 - info - INFO - ad with code 'nifweam3' parsed..
2024-06-19 11:18:44,188 - info - INFO - ad with code 'knwuqaqc' parsed..
2024-06-19 11:18:44,192 - info - INFO - ad with code 'youq43ok' parsed..
2024-06-19 11:18:44,196 - info - INFO - ad with code 'q0gqzzfs' parsed..
2024-06-19 11:18:44,200 - info - INFO - ad with code 'jir3wnmx' parsed..
2024-06-19 11:18:44,204 - info - INFO - ad with code 'rd7savw5' parsed..
2024-06-19 11:18:44,209 - info - INFO - ad with code 'kjbhey6c' parsed..
2024-06-19 11:18:44,217 - info - INFO - ad with code 'yf5x3cqt' parsed..
2024-06-19 11:18:44,220 - info - INFO - ad with code 'e4yjrdze' parsed..
2024-06-19 11:18:44,226 - info - INFO - ad with code 'uz0ias3l' parsed..
2024-06-19 11:18:44,229 - info - INFO - ad with code 'pxoibmew' parsed..
2024-06-19 11:18:44,234 - info - INFO - ad with code 'zqewl2wn' parsed..
2024-06-19 11:18:44,237 - info - INFO - ad with code 'ahitesal' parsed..
2024-06-19 11:18:44,241 - info - INFO - ad with code 'efmn5qbz' parsed..
2024-06-19 11:18:44,247 - info - INFO - ad with code 'jrxbdri' parsed..
2024-06-19 11:18:44,253 - info - INFO - ad with code 'rtmqovn0' parsed..
2024-06-19 11:18:44,256 - info - INFO - ad with code 'bgtdu073' parsed..
2024-06-19 11:18:44,260 - info - INFO - ad with code 'qxveefkz' parsed..
2024-06-19 11:18:44,265 - info - INFO - ad with code 'x6rca32m' parsed..
2024-06-19 11:18:44,271 - info - INFO - ad with code 'mdujznak' parsed..
2024-06-19 11:18:44,276 - info - INFO - ad with code '0jieo5d4' parsed..
2024-06-19 11:18:44,282 - info - INFO - ad with code 'svhtv0ju' parsed..
2024-06-19 11:18:44,291 - info - INFO - ad with code 'fjhgalzw' parsed..
2024-06-19 11:18:44,295 - info - INFO - ad with code 'e2iyxjfn' parsed..
2024-06-19 11:18:44,301 - info - INFO - ad with code 'rrpmaugw' parsed..
2024-06-19 11:18:44,306 - info - INFO - ad with code '3yr7gyn2' parsed..
2024-06-19 11:18:44,310 - info - INFO - ad with code '0ljuxoqf' parsed..
2024-06-19 11:18:44,313 - info - INFO - ad with code '5qukr6yt' parsed..
2024-06-19 11:18:44,317 - info - INFO - ad with code '8mk4qmri' parsed..
2024-06-19 11:18:44,322 - info - INFO - ad with code '3mihrsbh' parsed..
2024-06-19 11:18:44,328 - info - INFO - ad with code 'hfi1reaz' parsed..
2024-06-19 11:18:44,333 - info - INFO - ad with code 'uotlx7pv' parsed..
2024-06-19 11:18:44,342 - info - INFO - ad with code 'ienpb8po' parsed..
2024-06-19 11:18:44,348 - info - INFO - ad with code 'uitxmev1' parsed..
2024-06-19 11:18:44,351 - info - INFO - ad with code 'nph2gkd5' parsed..
2024-06-19 11:18:44,356 - info - INFO - ad with code 'vrsg8epo' parsed..
2024-06-19 11:18:44,361 - info - INFO - ad with code 'gmtesl1k' parsed..
2024-06-19 11:18:44,366 - info - INFO - ad with code 'ikvngzr1' parsed..
2024-06-19 11:18:44,369 - info - INFO - ad with code 'q5bcnjyd' parsed..
2024-06-19 11:18:44,373 - info - INFO - ad with code '3qoed7lu' parsed..
2024-06-19 11:18:44,377 - info - INFO - ad with code 'fijxr1po' parsed..
2024-06-19 11:18:44,381 - info - INFO - ad with code 'qz5fclbx' parsed..
2024-06-19 11:18:44,386 - info - INFO - ad with code 'n2ghphk4' parsed..
2024-06-19 11:18:44,388 - info - INFO - ad with code 'hvlx1ioe' parsed..
2024-06-19 11:18:44,393 - info - INFO - ad with code 'yvg4yqfc' parsed..
2024-06-19 11:18:44,396 - info - INFO - ad with code 'l8ci3e7y' parsed..
2024-06-19 11:18:44,400 - info - INFO - ad with code 'qlpwrkjf' parsed..
2024-06-19 11:18:44,404 - info - INFO - ad with code 't7awahnc' parsed..
2024-06-19 11:18:44,409 - info - INFO - ad with code 'ibyq1owc' parsed..
2024-06-19 11:18:44,412 - info - INFO - ad with code 'tgqyswxe' parsed..
2024-06-19 11:18:44,416 - info - INFO - ad with code 'rebtsmwl' parsed..
2024-06-19 11:18:44,420 - info - INFO - ad with code 'w2fuo9sk' parsed..
2024-06-19 11:18:44,424 - info - INFO - ad with code 'hdclyqga' parsed..
2024-06-19 11:18:44,428 - info - INFO - ad with code 'ufup8rnz' parsed..
2024-06-19 11:18:44,431 - info - INFO - ad with code 'puwhopij' parsed..
2024-06-19 11:18:44,437 - info - INFO - ad with code 'tjufnfvi' parsed..
2024-06-19 11:18:44,439 - info - INFO - ad with code 'rfnir0bm' parsed..
2024-06-19 11:18:44,445 - info - INFO - ad with code '5qrm1xon' parsed..
2024-06-19 11:18:44,449 - info - INFO - ad with code 'pywmgewy' parsed..
2024-06-19 11:18:44,451 - info - INFO - ad with code 'fiv0ek61' parsed..
2024-06-19 11:18:44,455 - info - INFO - ad with code 'pr9gtbut' parsed..
2024-06-19 11:18:44,457 - info - INFO - ad with code 'avzyl6xf' parsed..
2024-06-19 11:18:44,459 - info - INFO - ad with code 'dxl03p2k' parsed..
2024-06-19 11:18:44,463 - info - INFO - ad with code 'lkghqyar' parsed..
2024-06-19 11:18:44,467 - info - INFO - ad with code '6dkp39rh' parsed..
2024-06-19 11:18:44,471 - info - INFO - ad with code '2y9bduse' parsed..
2024-06-19 11:18:44,474 - info - INFO - ad with code 'pec0liof' parsed..
2024-06-19 11:18:44,478 - info - INFO - ad with code 'suddco97' parsed..
2024-06-19 11:18:44,482 - info - INFO - ad with code 'afndllak' parsed..
2024-06-19 11:18:44,486 - info - INFO - ad with code 'n8y74hqg' parsed..
2024-06-19 11:18:44,490 - info - INFO - ad with code 'twlyu0td' parsed..
2024-06-19 11:18:44,494 - info - INFO - ad with code 'bcmshffx' parsed..
2024-06-19 11:18:44,497 - info - INFO - ad with code 'jwif2smb' parsed..
2024-06-19 11:18:44,501 - info - INFO - ad with code 'p2c4tiua' parsed..
2024-06-19 11:18:44,505 - info - INFO - ad with code 'xybc7z4l' parsed..
2024-06-19 11:18:44,508 - info - INFO - ad with code 'jamiwmyg' parsed..
2024-06-19 11:18:44,512 - info - INFO - ad with code 'u2p1u9vf' parsed..
2024-06-19 11:18:44,514 - info - INFO - ad with code 'n4syrjhq' parsed..
2024-06-19 11:18:44,518 - info - INFO - ad with code '4qxegrri' parsed..
2024-06-19 11:18:44,522 - info - INFO - ad with code '0sosjrdw' parsed..
2024-06-19 11:18:44,525 - info - INFO - ad with code 'nsmkasc6' parsed..
2024-06-19 11:18:44,529 - info - INFO - ad with code '8waijf0q' parsed..
2024-06-19 11:18:44,533 - info - INFO - ad with code 'mtwfni1c' parsed..
2024-06-19 11:18:44,536 - info - INFO - ad with code 'vds93xze' parsed..
2024-06-19 11:18:44,539 - info - INFO - ad with code 'xnfqkmsv' parsed..
2024-06-19 11:18:44,542 - info - INFO - ad with code 'yhv3wvuz' parsed..
2024-06-19 11:18:44,544 - info - INFO - ad with code 'a9hw7gos' parsed..
2024-06-19 11:18:44,546 - info - INFO - ad with code 'etzg04se' parsed..
2024-06-19 11:18:44,551 - info - INFO - ad with code 'xqbnf15o' parsed..
2024-06-19 11:18:44,556 - info - INFO - ad with code 'x14euskh' parsed..
2024-06-19 11:18:44,559 - info - INFO - ad with code '8osf2ix1' parsed..
2024-06-19 11:18:44,564 - info - INFO - ad with code 'ymmbzlfq' parsed..
2024-06-19 11:18:44,569 - info - INFO - ad with code 'pc4axshj' parsed..
2024-06-19 11:18:44,575 - info - INFO - ad with code '2wq6pznn' parsed..
2024-06-19 11:18:44,582 - info - INFO - ad with code 'djl1gwpm' parsed..
2024-06-19 11:18:44,588 - info - INFO - ad with code '3wi1rz0d' parsed..
2024-06-19 11:18:44,593 - info - INFO - ad with code '1xijea62' parsed..
2024-06-19 11:18:44,599 - info - INFO - ad with code 'nrqfkc8g' parsed..
2024-06-19 11:18:44,602 - info - INFO - ad with code 'epdumn8g' parsed..
2024-06-19 11:18:44,608 - info - INFO - ad with code 'ke0twgiy' parsed..
2024-06-19 11:18:44,613 - info - INFO - ad with code '5qdri9ia' parsed..
2024-06-19 11:18:44,619 - info - INFO - ad with code 'vzofi1p4' parsed..
2024-06-19 11:18:44,623 - info - INFO - ad with code 'yoio8sef' parsed..
2024-06-19 11:18:44,633 - info - INFO - ad with code 'x4jnjhfm' parsed..
2024-06-19 11:18:44,638 - info - INFO - ad with code 'fpjsmcyh' parsed..
2024-06-19 11:18:44,643 - info - INFO - ad with code 'oqphut9x' parsed..
2024-06-19 11:18:44,647 - info - INFO - ad with code 'wyuebh2y' parsed..
2024-06-19 11:18:44,654 - info - INFO - ad with code 'mnvv7p0e' parsed..
2024-06-19 11:18:44,659 - info - INFO - ad with code 'gu6fxtbt' parsed..
2024-06-19 11:18:44,670 - info - INFO - ad with code 'nyz4xstw' parsed..
2024-06-19 11:18:44,675 - info - INFO - ad with code 'cwtosrqe' parsed..
2024-06-19 11:18:44,681 - info - INFO - ad with code '5iwfdcjh' parsed..
2024-06-19 11:18:44,686 - info - INFO - ad with code 'k7r5mcvv' parsed..
2024-06-19 11:18:44,689 - info - INFO - ad with code 'npdwlfo0' parsed..
2024-06-19 11:18:44,693 - info - INFO - ad with code 'zpvr9qos' parsed..
2024-06-19 11:18:44,697 - info - INFO - ad with code 'efxqdvtz' parsed..
2024-06-19 11:18:44,703 - info - INFO - ad with code 'ded9ce2k' parsed..
2024-06-19 11:18:44,711 - info - INFO - ad with code 'uwvuemp8' parsed..
2024-06-19 11:18:44,716 - info - INFO - ad with code 'sihydq53' parsed..
2024-06-19 11:18:44,721 - info - INFO - ad with code 'gow0aqkn' parsed..
2024-06-19 11:18:44,725 - info - INFO - ad with code 'eygza1lw' parsed..
2024-06-19 11:18:44,729 - info - INFO - ad with code 'sqc6muyj' parsed..
2024-06-19 11:18:44,736 - info - INFO - ad with code '8qmeispl' parsed..
2024-06-19 11:18:44,741 - info - INFO - ad with code 'piiozwug' parsed..
2024-06-19 11:18:44,745 - info - INFO - ad with code 'uyzvdzoe' parsed..
2024-06-19 11:18:44,750 - info - INFO - ad with code 'dqusgwtu' parsed..
2024-06-19 11:18:44,754 - info - INFO - ad with code 'ilk1dpt0' parsed..
2024-06-19 11:18:44,758 - info - INFO - ad with code '20k6ckwt' parsed..
2024-06-19 11:18:44,761 - info - INFO - ad with code 'fz6p9icr' parsed..
2024-06-19 11:18:44,765 - info - INFO - ad with code 'hkj4pag3' parsed..
2024-06-19 11:18:44,768 - info - INFO - ad with code '8lztjdpw' parsed..
2024-06-19 11:18:44,770 - info - INFO - ad with code 'kip5kshl' parsed..
2024-06-19 11:18:44,775 - info - INFO - ad with code '25cykwyl' parsed..
2024-06-19 11:18:44,781 - info - INFO - ad with code 'gndk3jrk' parsed..
2024-06-19 11:18:44,785 - info - INFO - ad with code '6iswjew' parsed..
2024-06-19 11:18:44,790 - info - INFO - ad with code 'hpoenmcx' parsed..
2024-06-19 11:18:44,794 - info - INFO - ad with code 'ju8mpvb5' parsed..
2024-06-19 11:18:44,800 - info - INFO - ad with code 'bx5plkg4' parsed..
2024-06-19 11:18:44,805 - info - INFO - ad with code 'veukv4hi' parsed..
2024-06-19 11:18:44,812 - info - INFO - ad with code 'rbo5cnwn' parsed..
2024-06-19 11:18:44,816 - info - INFO - ad with code 'plourjne' parsed..
2024-06-19 11:18:44,820 - info - INFO - ad with code 'kjys1fun' parsed..
2024-06-19 11:18:44,824 - info - INFO - ad with code 'uelqav9f' parsed..
2024-06-19 11:18:44,828 - info - INFO - ad with code 'ipr8uu4m' parsed..
2024-06-19 11:18:44,837 - info - INFO - ad with code 'aqoiqmkr' parsed..
2024-06-19 11:18:44,841 - info - INFO - ad with code 'lie6dxys' parsed..
2024-06-19 11:18:44,843 - info - INFO - ad with code 'bc91aeou' parsed..
2024-06-19 11:18:44,846 - info - INFO - ad with code 'tkurzadj' parsed..
2024-06-19 11:18:44,850 - info - INFO - ad with code 's35zxoe1' parsed..
2024-06-19 11:18:44,854 - info - INFO - ad with code 'c8h0ovlz' parsed..
2024-06-19 11:18:44,857 - info - INFO - ad with code '7yyp3ofq' parsed..
2024-06-19 11:18:44,861 - info - INFO - ad with code 'vv6lxi1t' parsed..
2024-06-19 11:18:44,865 - info - INFO - ad with code 'viezkgpa' parsed..
2024-06-19 11:18:44,869 - info - INFO - ad with code 'yqcnosva' parsed..
2024-06-19 11:18:44,874 - info - INFO - ad with code 'jnnxcotr' parsed..
2024-06-19 11:18:44,877 - info - INFO - ad with code '342wmxt9' parsed..
2024-06-19 11:18:44,881 - info - INFO - ad with code 'gqhp6p8d' parsed..
2024-06-19 11:18:44,886 - info - INFO - ad with code 'e3rl4067' parsed..
2024-06-19 11:18:44,892 - info - INFO - ad with code 'dfmyi2nk' parsed..
2024-06-19 11:18:44,895 - info - INFO - ad with code 'rciuhtw8' parsed..
2024-06-19 11:18:44,898 - info - INFO - ad with code 'jxtrow4k' parsed..
2024-06-19 11:18:44,902 - info - INFO - ad with code 'whql8uhj' parsed..
2024-06-19 11:18:44,906 - info - INFO - ad with code '5dn0xe43' parsed..
2024-06-19 11:18:44,911 - info - INFO - ad with code 'phv3gxfg' parsed..
2024-06-19 11:18:44,913 - info - INFO - ad with code 'jzyfrens' parsed..
2024-06-19 11:18:44,917 - info - INFO - ad with code 'xfmw7jve' parsed..
2024-06-19 11:18:44,921 - info - INFO - ad with code '8g6ouzmk' parsed..
2024-06-19 11:18:44,925 - info - INFO - ad with code 'ly0xp2tr' parsed..
2024-06-19 11:18:44,927 - info - INFO - ad with code '4jqiy1et' parsed..
2024-06-19 11:18:44,931 - info - INFO - ad with code '9jtnpamc' parsed..
2024-06-19 11:18:44,935 - info - INFO - ad with code 'fhefacm0' parsed..
2024-06-19 11:18:44,940 - info - INFO - ad with code '3oelvfcw' parsed..
2024-06-19 11:18:44,943 - info - INFO - ad with code '4bitdzge' parsed..
2024-06-19 11:18:44,948 - info - INFO - ad with code 'exi1fbjz' parsed..
2024-06-19 11:18:44,952 - info - INFO - ad with code 'fwzkrrgv' parsed..
2024-06-19 11:18:44,957 - info - INFO - ad with code '7wo5nkhp' parsed..
2024-06-19 11:18:44,962 - info - INFO - ad with code 'uyljtco3' parsed..
2024-06-19 11:18:44,966 - info - INFO - ad with code 'orpaaemz' parsed..
2024-06-19 11:18:44,970 - info - INFO - ad with code 'v39oehkt' parsed..
2024-06-19 11:18:44,974 - info - INFO - ad with code 'lvhs7i3g' parsed..
2024-06-19 11:18:44,980 - info - INFO - ad with code 'xksacnu0' parsed..
2024-06-19 11:18:44,986 - info - INFO - ad with code 'xgfds6qo' parsed..
2024-06-19 11:18:44,991 - info - INFO - ad with code 'xkz3rtgg' parsed..
2024-06-19 11:18:44,996 - info - INFO - ad with code '3nytjwpd' parsed..
2024-06-19 11:18:45,001 - info - INFO - ad with code 'sgpwwcrv' parsed..
2024-06-19 11:18:45,007 - info - INFO - ad with code 'ysljpdco' parsed..
2024-06-19 11:18:45,013 - info - INFO - ad with code 'jw8tedos' parsed..
2024-06-19 11:18:45,018 - info - INFO - ad with code 'tawczqs9' parsed..
2024-06-19 11:18:45,020 - info - INFO - ad with code 'kg3hvmgi' parsed..
2024-06-19 11:18:45,026 - info - INFO - ad with code 'n1lyjisi' parsed..
2024-06-19 11:18:45,032 - info - INFO - ad with code 'wweskjgu' parsed..
2024-06-19 11:18:45,037 - info - INFO - ad with code 'seiqtkdv' parsed..
2024-06-19 11:18:45,042 - info - INFO - ad with code 'fudmkoa5' parsed..
2024-06-19 11:18:45,047 - info - INFO - ad with code 'fqe5jm20' parsed..
2024-06-19 11:18:45,053 - info - INFO - ad with code 'leq3rn2z' parsed..
2024-06-19 11:18:45,058 - info - INFO - ad with code 'umtic1bs' parsed..
2024-06-19 11:18:45,063 - info - INFO - ad with code 'ea0oz6ku' parsed..
2024-06-19 11:18:45,069 - info - INFO - ad with code 'ftkip61e' parsed..
2024-06-19 11:18:45,072 - info - INFO - ad with code 'gosygetb' parsed..
2024-06-19 11:18:45,075 - info - INFO - ad with code 'hvne26yi' parsed..
2024-06-19 11:18:45,083 - info - INFO - ad with code 'wivprnue' parsed..
2024-06-19 11:18:45,090 - info - INFO - ad with code 't813pgap' parsed..
2024-06-19 11:18:45,104 - info - INFO - ad with code 'esx82kk3' parsed..
2024-06-19 11:18:45,109 - info - INFO - ad with code 'yp1jqkux' parsed..
2024-06-19 11:18:45,117 - info - INFO - ad with code 'xnnrjeac' parsed..
2024-06-19 11:18:45,123 - info - INFO - ad with code 'jip7fy9m' parsed..
2024-06-19 11:18:45,128 - info - INFO - ad with code '8t9fk1mn' parsed..
2024-06-19 11:18:45,133 - info - INFO - ad with code 'fh6onupt' parsed..
2024-06-19 11:18:45,139 - info - INFO - ad with code 'r9j4e3b7' parsed..
2024-06-19 11:18:45,143 - info - INFO - ad with code 'iddjfwg8' parsed..
2024-06-19 11:18:45,147 - info - INFO - ad with code 'mqd2tk41' parsed..
2024-06-19 11:18:45,152 - info - INFO - ad with code 'uosf87sy' parsed..
2024-06-19 11:18:45,157 - info - INFO - ad with code 'fxgh20ap' parsed..
2024-06-19 11:18:45,164 - info - INFO - ad with code 'vuax1xil' parsed..
2024-06-19 11:18:45,168 - info - INFO - ad with code 'isfq8j4s' parsed..
2024-06-19 11:18:45,172 - info - INFO - ad with code 'qjwjghcb' parsed..
2024-06-19 11:18:45,176 - info - INFO - ad with code 'yneumsjj' parsed..
2024-06-19 11:18:45,181 - info - INFO - ad with code 'wikucjub' parsed..
2024-06-19 11:18:45,183 - info - INFO - ad with code 'ryktk4h9' parsed..
2024-06-19 11:18:45,188 - info - INFO - ad with code 'm5pgxdi0' parsed..
2024-06-19 11:18:45,192 - info - INFO - ad with code 'kndvaeli' parsed..
2024-06-19 11:18:45,195 - info - INFO - ad with code 'ngqvf87l' parsed..
2024-06-19 11:18:45,200 - info - INFO - ad with code 'jx3cily5' parsed..
2024-06-19 11:18:45,205 - info - INFO - ad with code 'y6qtnm4q' parsed..
2024-06-19 11:18:45,209 - info - INFO - ad with code 'ill27sh3' parsed..
2024-06-19 11:18:45,214 - info - INFO - ad with code 'ommpdvwb' parsed..
2024-06-19 11:18:45,219 - info - INFO - ad with code 'h9jyg4r2' parsed..
2024-06-19 11:18:45,223 - info - INFO - ad with code 'bukb29lu' parsed..
2024-06-19 11:18:45,228 - info - INFO - ad with code 'cv6vazyo' parsed..
2024-06-19 11:18:45,234 - info - INFO - ad with code 'jnoiowur' parsed..
2024-06-19 11:18:45,238 - info - INFO - ad with code 'w61fkgca' parsed..
2024-06-19 11:18:45,243 - info - INFO - ad with code 'axdskjgs' parsed..
2024-06-19 11:18:45,247 - info - INFO - ad with code 'g4vo13an' parsed..
2024-06-19 11:18:45,252 - info - INFO - ad with code 'hqxxljgp' parsed..
2024-06-19 11:18:45,256 - info - INFO - ad with code '3fnbbs1y' parsed..
2024-06-19 11:18:45,261 - info - INFO - ad with code 'pz4fdbio' parsed..
2024-06-19 11:18:45,266 - info - INFO - ad with code 'krtxonqz' parsed..
2024-06-19 11:18:45,270 - info - INFO - ad with code 'gfpohyay' parsed..
2024-06-19 11:18:45,276 - info - INFO - ad with code 'qfv32aos' parsed..
2024-06-19 11:18:45,280 - info - INFO - ad with code 'tviuze0w' parsed..
2024-06-19 11:18:45,284 - info - INFO - ad with code 'whmqye8t' parsed..
2024-06-19 11:18:45,288 - info - INFO - ad with code 'qb0dhtfe' parsed..
2024-06-19 11:18:45,292 - info - INFO - ad with code '2brhsg9g' parsed..
2024-06-19 11:18:45,299 - info - INFO - ad with code '7a4dqhzu' parsed..
2024-06-19 11:18:45,303 - info - INFO - ad with code 'wkblzvtx' parsed..
2024-06-19 11:18:45,308 - info - INFO - ad with code '51urvq4k' parsed..
2024-06-19 11:18:45,313 - info - INFO - ad with code 'k0bky9dv' parsed..
2024-06-19 11:18:45,317 - info - INFO - ad with code 'o0mjrodn' parsed..
2024-06-19 11:18:45,319 - info - INFO - ad with code 'remqmkao' parsed..
2024-06-19 11:18:45,322 - info - INFO - ad with code 'd4aulhcj' parsed..
2024-06-19 11:18:45,326 - info - INFO - ad with code 'mhjbkogl' parsed..
2024-06-19 11:18:45,331 - info - INFO - ad with code 'a15mci3r' parsed..
2024-06-19 11:18:45,339 - info - INFO - ad with code '2cwypls6' parsed..
2024-06-19 11:18:45,343 - info - INFO - ad with code 'eqjazkmf' parsed..
2024-06-19 11:18:45,350 - info - INFO - ad with code 'e4aii0vp' parsed..
2024-06-19 11:18:45,354 - info - INFO - ad with code '3pp1nevw' parsed..
2024-06-19 11:18:45,358 - info - INFO - ad with code '9rjgytxn' parsed..
2024-06-19 11:18:45,362 - info - INFO - ad with code 'gtubyrjk' parsed..
2024-06-19 11:18:45,366 - info - INFO - ad with code '5lpmbcm3' parsed..
2024-06-19 11:18:45,371 - info - INFO - ad with code 'ard0zduj' parsed..
2024-06-19 11:18:45,375 - info - INFO - ad with code '8kunbr7b' parsed..
2024-06-19 11:18:45,379 - info - INFO - ad with code 'rqq9zmvp' parsed..
2024-06-19 11:18:45,386 - info - INFO - ad with code 'fkgdl23z' parsed..
2024-06-19 11:18:45,389 - info - INFO - ad with code 'd6hrrmk9' parsed..
2024-06-19 11:18:45,393 - info - INFO - ad with code 'if5eluxp' parsed..
2024-06-19 11:18:45,398 - info - INFO - ad with code 'hy8unign' parsed..
2024-06-19 11:18:45,403 - info - INFO - ad with code '1ucsyhg9' parsed..
2024-06-19 11:18:45,407 - info - INFO - ad with code 'ul3rdvia' parsed..
2024-06-19 11:18:45,412 - info - INFO - ad with code 'g42e92y1' parsed..
2024-06-19 11:18:45,416 - info - INFO - ad with code 'wt1xmor3' parsed..
2024-06-19 11:18:45,421 - info - INFO - ad with code '47y2p8os' parsed..
2024-06-19 11:18:45,426 - info - INFO - ad with code 'blteyq0p' parsed..
2024-06-19 11:18:45,433 - info - INFO - ad with code 'us1zkjae' parsed..
2024-06-19 11:18:45,438 - info - INFO - ad with code 'kz9aycj4' parsed..
2024-06-19 11:18:45,442 - info - INFO - ad with code 'uakub3l9' parsed..
2024-06-19 11:18:45,446 - info - INFO - ad with code '7kprjloj' parsed..
2024-06-19 11:18:45,450 - info - INFO - ad with code 'ukltgg3n' parsed..
2024-06-19 11:18:45,454 - info - INFO - ad with code 'smb318ek' parsed..
2024-06-19 11:18:45,457 - info - INFO - ad with code '8dbr6ix2' parsed..
2024-06-19 11:18:45,461 - info - INFO - ad with code '838gbfwa' parsed..
2024-06-19 11:18:45,467 - info - INFO - ad with code 'hjm86tr7' parsed..
2024-06-19 11:18:45,474 - info - INFO - ad with code '9x1rside' parsed..
2024-06-19 11:18:45,479 - info - INFO - ad with code 'glwoukkv' parsed..
2024-06-19 11:18:45,484 - info - INFO - ad with code 'vbuh1w8g' parsed..
2024-06-19 11:18:45,489 - info - INFO - ad with code 'hvgzfw9q' parsed..
2024-06-19 11:18:45,494 - info - INFO - ad with code 'nxnof4sy' parsed..
2024-06-19 11:18:45,498 - info - INFO - ad with code 'gocs9wia' parsed..
2024-06-19 11:18:45,504 - info - INFO - ad with code 'mq9ha7qf' parsed..
2024-06-19 11:18:45,512 - info - INFO - ad with code 'tcxsfoik' parsed..
2024-06-19 11:18:45,520 - info - INFO - ad with code 'uta5cxi4' parsed..
2024-06-19 11:18:45,527 - info - INFO - ad with code 'cx4toulp' parsed..
2024-06-19 11:18:45,530 - info - INFO - ad with code 'gan5rl1k' parsed..
2024-06-19 11:18:45,535 - info - INFO - ad with code 'xtdijfyg' parsed..
2024-06-19 11:18:45,540 - info - INFO - ad with code 'ubvlj1hg' parsed..
2024-06-19 11:18:45,548 - info - INFO - ad with code 'kicsdhlj' parsed..
2024-06-19 11:18:45,553 - info - INFO - ad with code 's7ctjkof' parsed..
2024-06-19 11:18:45,558 - info - INFO - ad with code 'oscuy894' parsed..
2024-06-19 11:18:45,561 - info - INFO - ad with code '1o9hgpqs' parsed..
2024-06-19 11:18:45,566 - info - INFO - ad with code 'fv5excs1' parsed..
2024-06-19 11:18:45,571 - info - INFO - ad with code 'ujwsodel' parsed..
2024-06-19 11:18:45,576 - info - INFO - ad with code 'pqsgwo67' parsed..
2024-06-19 11:18:45,582 - info - INFO - ad with code 's20zfl7i' parsed..
2024-06-19 11:18:45,585 - info - INFO - ad with code 'wmhnlgx6' parsed..
2024-06-19 11:18:45,589 - info - INFO - ad with code '46yfjaif' parsed..
2024-06-19 11:18:45,598 - info - INFO - ad with code '0rqe7umg' parsed..
2024-06-19 11:18:45,603 - info - INFO - ad with code 'jysi2hcv' parsed..
2024-06-19 11:18:45,607 - info - INFO - ad with code 'zyjebv2u' parsed..
2024-06-19 11:18:45,612 - info - INFO - ad with code '81ifyzgl' parsed..
2024-06-19 11:18:45,617 - info - INFO - ad with code 'py4ejmuo' parsed..
2024-06-19 11:18:45,622 - info - INFO - ad with code 'x0o5rdgc' parsed..
2024-06-19 11:18:45,627 - info - INFO - ad with code 'osmtirgq' parsed..
2024-06-19 11:18:45,631 - info - INFO - ad with code 'oi8j0wm9' parsed..
2024-06-19 11:18:45,636 - info - INFO - ad with code '8nuwrs3d' parsed..
2024-06-19 11:18:45,640 - info - INFO - ad with code 'nydyijrp' parsed..
2024-06-19 11:18:45,644 - info - INFO - ad with code 'gshpjtpw' parsed..
2024-06-19 11:18:45,648 - info - INFO - ad with code 'jxaoohcm' parsed..
2024-06-19 11:18:45,652 - info - INFO - ad with code 'icomkpqn' parsed..
2024-06-19 11:18:45,654 - info - INFO - ad with code 'ckn8cjqb' parsed..
2024-06-19 11:18:45,660 - info - INFO - ad with code '7awlr5pq' parsed..
2024-06-19 11:18:45,664 - info - INFO - ad with code 'av26mcug' parsed..
2024-06-19 11:18:45,668 - info - INFO - ad with code '8m1ckm0r' parsed..
2024-06-19 11:18:45,672 - info - INFO - ad with code 'egbhkkbh' parsed..
2024-06-19 11:18:45,677 - info - INFO - ad with code 'orsx6zf1' parsed..
2024-06-19 11:18:45,680 - info - INFO - ad with code 'o9gzug1d' parsed..
2024-06-19 11:18:45,683 - info - INFO - ad with code 'jx6athce' parsed..
2024-06-19 11:18:45,687 - info - INFO - ad with code 'w5gdofce' parsed..
2024-06-19 11:18:45,691 - info - INFO - ad with code 'zrdevkni' parsed..
2024-06-19 11:18:45,695 - info - INFO - ad with code 'kybns4tf' parsed..
2024-06-19 11:18:45,697 - info - INFO - ad with code 'jjysfm5g' parsed..
2024-06-19 11:18:45,699 - info - INFO - ad with code 'zkrbnooy' parsed..
2024-06-19 11:18:45,708 - info - INFO - ad with code '8ragmgxj' parsed..
2024-06-19 11:18:45,715 - info - INFO - ad with code 'vj1d2kdn' parsed..
2024-06-19 11:18:45,719 - info - INFO - ad with code 'rhpe5atu' parsed..
2024-06-19 11:18:45,724 - info - INFO - ad with code 'at06lmbg' parsed..
2024-06-19 11:18:45,729 - info - INFO - ad with code '5lp3ncmt' parsed..
2024-06-19 11:18:45,733 - info - INFO - ad with code 'bq4a3vjj' parsed..
2024-06-19 11:18:45,738 - info - INFO - ad with code '4zulhgf9' parsed..
2024-06-19 11:18:45,743 - info - INFO - ad with code 'pg6gds9v' parsed..
2024-06-19 11:18:45,747 - info - INFO - ad with code 'mat082qe' parsed..
2024-06-19 11:18:45,750 - info - INFO - ad with code 'm7gk2pte' parsed..
2024-06-19 11:18:45,755 - info - INFO - ad with code 'iw6f4n5m' parsed..
2024-06-19 11:18:45,759 - info - INFO - ad with code 'chdjzcve' parsed..
2024-06-19 11:18:45,763 - info - INFO - ad with code 'pwotnev6' parsed..
2024-06-19 11:18:45,767 - info - INFO - ad with code '6tbghlfv' parsed..
2024-06-19 11:18:45,773 - info - INFO - ad with code 'duhcgelf' parsed..
2024-06-19 11:18:45,778 - info - INFO - ad with code 'mtp0atfb' parsed..
2024-06-19 11:18:45,784 - info - INFO - ad with code 'rejrgsxl' parsed..
2024-06-19 11:18:45,789 - info - INFO - ad with code 'sq3wu62i' parsed..
2024-06-19 11:18:45,792 - info - INFO - ad with code 'u1vnyab5' parsed..
2024-06-19 11:18:45,796 - info - INFO - ad with code 'rihany9w' parsed..
2024-06-19 11:18:45,802 - info - INFO - ad with code 'tc7rvo3c' parsed..
2024-06-19 11:18:45,807 - info - INFO - ad with code 'unqcoavl' parsed..
2024-06-19 11:18:45,811 - info - INFO - ad with code 'bkf6qlfw' parsed..
2024-06-19 11:18:45,816 - info - INFO - ad with code 'h4u5lg1j' parsed..
2024-06-19 11:18:45,821 - info - INFO - ad with code 'bxqzwem4' parsed..
2024-06-19 11:18:45,825 - info - INFO - ad with code 'yquf9x31' parsed..
2024-06-19 11:18:45,833 - info - INFO - ad with code 'of7mvarp' parsed..
2024-06-19 11:18:45,838 - info - INFO - ad with code 'emsfla4q' parsed..
2024-06-19 11:18:45,843 - info - INFO - ad with code 't7pkbiyz' parsed..
2024-06-19 11:18:45,848 - info - INFO - ad with code 'nchv3jkm' parsed..
2024-06-19 11:18:45,851 - info - INFO - ad with code 'h8en36fc' parsed..
2024-06-19 11:18:45,855 - info - INFO - ad with code 'yqwlivmj' parsed..
2024-06-19 11:18:45,860 - info - INFO - ad with code 'qzlshnir' parsed..
2024-06-19 11:18:45,866 - info - INFO - ad with code 'gijxojwe' parsed..
2024-06-19 11:18:45,871 - info - INFO - ad with code 's3pnzy61' parsed..
2024-06-19 11:18:45,877 - info - INFO - ad with code 'ucls1tvd' parsed..
2024-06-19 11:18:45,882 - info - INFO - ad with code 'kavpksib' parsed..
2024-06-19 11:18:45,885 - info - INFO - ad with code 'ahdqa9ut' parsed..
2024-06-19 11:18:45,891 - info - INFO - ad with code 'kbklsfdh' parsed..
2024-06-19 11:18:45,895 - info - INFO - ad with code 'glo7xrol' parsed..
2024-06-19 11:18:45,901 - info - INFO - ad with code 'dsdl2gjk' parsed..
2024-06-19 11:18:45,906 - info - INFO - ad with code '6rz27rht' parsed..
2024-06-19 11:18:45,910 - info - INFO - ad with code 'bapho3oe' parsed..
2024-06-19 11:18:45,916 - info - INFO - ad with code 'fkxaihhz' parsed..
2024-06-19 11:18:45,920 - info - INFO - ad with code 'vtlgcaiv' parsed..
2024-06-19 11:18:45,924 - info - INFO - ad with code 'ayvjn817' parsed..
2024-06-19 11:18:45,929 - info - INFO - ad with code '5ubkr4ix' parsed..
2024-06-19 11:18:45,933 - info - INFO - ad with code 'celn2wzv' parsed..
2024-06-19 11:18:45,937 - info - INFO - ad with code 'tan6o8qv' parsed..
2024-06-19 11:18:45,944 - info - INFO - ad with code 'zz3xec7k' parsed..
2024-06-19 11:18:45,948 - info - INFO - ad with code 'xqbjerfy' parsed..
2024-06-19 11:18:45,952 - info - INFO - ad with code 'iaodcy7a' parsed..
2024-06-19 11:18:45,956 - info - INFO - ad with code 'uta5a4cb' parsed..
2024-06-19 11:18:45,961 - info - INFO - ad with code '9dcwksfe' parsed..
2024-06-19 11:18:45,965 - info - INFO - ad with code 'xwgz5up3' parsed..
2024-06-19 11:18:45,967 - info - INFO - ad with code 'hojdpywq' parsed..
2024-06-19 11:18:45,971 - info - INFO - ad with code 'cctsfak9' parsed..
2024-06-19 11:18:45,976 - info - INFO - ad with code 'cyps1qo3' parsed..
2024-06-19 11:18:45,980 - info - INFO - ad with code 'pbk27qil' parsed..
2024-06-19 11:18:45,984 - info - INFO - ad with code '6ajukn4x' parsed..
2024-06-19 11:18:45,988 - info - INFO - ad with code 'k0wl7kea' parsed..
2024-06-19 11:18:45,992 - info - INFO - ad with code 'htzlqfze' parsed..
2024-06-19 11:18:45,996 - info - INFO - ad with code 'i2esxxou' parsed..
2024-06-19 11:18:45,999 - info - INFO - ad with code 'gqtzjqxe' parsed..
2024-06-19 11:18:46,002 - info - INFO - ad with code 'hi4gllsw' parsed..
2024-06-19 11:18:46,004 - info - INFO - ad with code 'nhsmbzu1' parsed..
2024-06-19 11:18:46,007 - info - INFO - ad with code 'oln7jwa5' parsed..
2024-06-19 11:18:46,012 - info - INFO - ad with code 'sjnxdive' parsed..
2024-06-19 11:18:46,014 - info - INFO - ad with code 'bo0pmxmh' parsed..
2024-06-19 11:18:46,017 - info - INFO - ad with code 'xhibdg9w' parsed..
2024-06-19 11:18:46,019 - info - INFO - ad with code 'htdjlzpu' parsed..
2024-06-19 11:18:46,022 - info - INFO - ad with code 'wna9z8cm' parsed..
2024-06-19 11:18:46,024 - info - INFO - ad with code 'rxflidzy' parsed..
2024-06-19 11:18:46,026 - info - INFO - ad with code '2cwxy7pe' parsed..
2024-06-19 11:18:46,029 - info - INFO - ad with code '6hnrql2p' parsed..
2024-06-19 11:18:46,032 - info - INFO - ad with code 'u5rsqwxk' parsed..
2024-06-19 11:18:46,035 - info - INFO - ad with code '8xc0ohub' parsed..
2024-06-19 11:18:46,039 - info - INFO - ad with code 'rub14mlw' parsed..
2024-06-19 11:18:46,042 - info - INFO - ad with code 'tzghlljs' parsed..
2024-06-19 11:18:46,044 - info - INFO - ad with code 'abtzlxcf' parsed..
2024-06-19 11:18:46,046 - info - INFO - ad with code 'bclmth6q' parsed..
2024-06-19 11:18:46,049 - info - INFO - ad with code 'axfgpn3u' parsed..
2024-06-19 11:18:46,052 - info - INFO - ad with code '2yj7zzkf' parsed..
2024-06-19 11:18:46,057 - info - INFO - ad with code '4futq1cx' parsed..
2024-06-19 11:18:46,060 - info - INFO - ad with code 'fpga7f6m' parsed..
2024-06-19 11:18:46,064 - info - INFO - ad with code 'en6rsjnr' parsed..
2024-06-19 11:18:46,069 - info - INFO - ad with code 'bgcsuabi' parsed..
2024-06-19 11:18:46,074 - info - INFO - ad with code 'nfkwnldy' parsed..
2024-06-19 11:18:46,078 - info - INFO - ad with code 'prsytxi1' parsed..
2024-06-19 11:18:46,084 - info - INFO - ad with code 'tctuqu7d' parsed..
2024-06-19 11:18:46,087 - info - INFO - ad with code 'eox21wuf' parsed..
2024-06-19 11:18:46,092 - info - INFO - ad with code 'djv6rlrx' parsed..
2024-06-19 11:18:46,097 - info - INFO - ad with code 'tecrmlha' parsed..
2024-06-19 11:18:46,105 - info - INFO - ad with code 'glv5rubv' parsed..
2024-06-19 11:18:46,110 - info - INFO - ad with code 'abyffawy' parsed..
2024-06-19 11:18:46,116 - info - INFO - ad with code 'm34xcpvf' parsed..
2024-06-19 11:18:46,121 - info - INFO - ad with code 'bwzylx0d' parsed..
2024-06-19 11:18:46,125 - info - INFO - ad with code '5jhjnpoy' parsed..
2024-06-19 11:18:46,130 - info - INFO - ad with code 'wn0aiupz' parsed..
2024-06-19 11:18:46,135 - info - INFO - ad with code 'ru8mcizb' parsed..
2024-06-19 11:18:46,140 - info - INFO - ad with code 'mjudyuky' parsed..
2024-06-19 11:18:46,145 - info - INFO - ad with code 'gwbnemf2' parsed..
2024-06-19 11:18:46,148 - info - INFO - ad with code 'k79tkdyv' parsed..
2024-06-19 11:18:46,153 - info - INFO - ad with code 'vcfsrakt' parsed..
2024-06-19 11:18:46,157 - info - INFO - ad with code 'duvqnnuc' parsed..
2024-06-19 11:18:46,160 - info - INFO - ad with code 'pkdmaz3p' parsed..
2024-06-19 11:18:46,163 - info - INFO - ad with code 'dyasps5g' parsed..
2024-06-19 11:18:46,168 - info - INFO - ad with code 'netphzlw' parsed..
2024-06-19 11:18:46,173 - info - INFO - ad with code 'aqhvp8kx' parsed..
2024-06-19 11:18:46,177 - info - INFO - ad with code '18njctyx' parsed..
2024-06-19 11:18:46,182 - info - INFO - ad with code 'p2covvdx' parsed..
2024-06-19 11:18:46,187 - info - INFO - ad with code '4gd39sna' parsed..
2024-06-19 11:18:46,191 - info - INFO - ad with code 'gle1irwy' parsed..
2024-06-19 11:18:46,196 - info - INFO - ad with code '2bcq9nq1' parsed..
2024-06-19 11:18:46,201 - info - INFO - ad with code 'g4egsswf' parsed..
2024-06-19 11:18:46,204 - info - INFO - ad with code 'cokhiadm' parsed..
2024-06-19 11:18:46,209 - info - INFO - ad with code 'vay9n4h0' parsed..
2024-06-19 11:18:46,214 - info - INFO - ad with code 'pswrekzv' parsed..
2024-06-19 11:18:46,218 - info - INFO - ad with code 'rqrte7ba' parsed..
2024-06-19 11:18:46,222 - info - INFO - ad with code 'nwtjvkoa' parsed..
2024-06-19 11:18:46,225 - info - INFO - ad with code 'bohyu8vz' parsed..
2024-06-19 11:18:46,229 - info - INFO - ad with code 'mifr2ycn' parsed..
2024-06-19 11:18:46,237 - info - INFO - ad with code '2vkg0ctl' parsed..
2024-06-19 11:18:46,241 - info - INFO - ad with code 'wyuxh9da' parsed..
2024-06-19 11:18:46,245 - info - INFO - ad with code 'lhm0cpvo' parsed..
2024-06-19 11:18:46,249 - info - INFO - ad with code 'tqdk7w3m' parsed..
2024-06-19 11:18:46,253 - info - INFO - ad with code 'vmquph3l' parsed..
2024-06-19 11:18:46,256 - info - INFO - ad with code 'gn4javuv' parsed..
2024-06-19 11:18:46,260 - info - INFO - ad with code 'joi3xdhi' parsed..
2024-06-19 11:18:46,264 - info - INFO - ad with code 'wrj2qosp' parsed..
2024-06-19 11:18:46,266 - info - INFO - ad with code 'lfz2jtwo' parsed..
2024-06-19 11:18:46,271 - info - INFO - ad with code 'cjbqs9ix' parsed..
2024-06-19 11:18:46,273 - info - INFO - ad with code 'tmw2irgg' parsed..
2024-06-19 11:18:46,277 - info - INFO - ad with code 'od02scxy' parsed..
2024-06-19 11:18:46,280 - info - INFO - ad with code 'c0u1m7xj' parsed..
2024-06-19 11:18:46,284 - info - INFO - ad with code 'yc8qwmvd' parsed..
2024-06-19 11:18:46,286 - info - INFO - ad with code 'j4zsmmur' parsed..
2024-06-19 11:18:46,291 - info - INFO - ad with code 'nvcowu2z' parsed..
2024-06-19 11:18:46,295 - info - INFO - ad with code 'gihfrbgp' parsed..
2024-06-19 11:18:46,298 - info - INFO - ad with code 'gy7fa569' parsed..
2024-06-19 11:18:46,302 - info - INFO - ad with code 'giidwdk2' parsed..
2024-06-19 11:18:46,306 - info - INFO - ad with code 'irmivpf7' parsed..
2024-06-19 11:18:46,308 - info - INFO - ad with code 'kqpxggio' parsed..
2024-06-19 11:18:46,311 - info - INFO - ad with code 'lahdbkra' parsed..
2024-06-19 11:18:46,313 - info - INFO - ad with code 'lk67piyh' parsed..
2024-06-19 11:18:46,317 - info - INFO - ad with code '4nuejkg7' parsed..
2024-06-19 11:18:46,319 - info - INFO - ad with code 'uej2vttm' parsed..
2024-06-19 11:18:46,322 - info - INFO - ad with code 'ghw185jb' parsed..
2024-06-19 11:18:46,329 - info - INFO - ad with code 'jhqkjlvn' parsed..
2024-06-19 11:18:46,332 - info - INFO - ad with code 'qlhpjuts' parsed..
2024-06-19 11:18:46,336 - info - INFO - ad with code 'eo1cemgv' parsed..
2024-06-19 11:18:46,340 - info - INFO - ad with code 'k2b5iqea' parsed..
2024-06-19 11:18:46,348 - info - INFO - ad with code 'rotembqk' parsed..
2024-06-19 11:18:46,352 - info - INFO - ad with code 'q9iglrwb' parsed..
2024-06-19 11:18:46,356 - info - INFO - ad with code 'in3gjhue' parsed..
2024-06-19 11:18:46,360 - info - INFO - ad with code 'enggku9f' parsed..
2024-06-19 11:18:46,364 - info - INFO - ad with code 'ot2yhmej' parsed..
2024-06-19 11:18:46,368 - info - INFO - ad with code 'otmknxjs' parsed..
2024-06-19 11:18:46,372 - info - INFO - ad with code 'egsxswxt' parsed..
2024-06-19 11:18:46,376 - info - INFO - ad with code 'me0gqmvi' parsed..
2024-06-19 11:18:46,379 - info - INFO - ad with code 'ehmwnqi7' parsed..
2024-06-19 11:18:46,383 - info - INFO - ad with code 'ssnczf3c' parsed..
2024-06-19 11:18:46,387 - info - INFO - ad with code '1o6zg2nq' parsed..
2024-06-19 11:18:46,390 - info - INFO - ad with code 'v9pdjqec' parsed..
2024-06-19 11:18:46,392 - info - INFO - ad with code 'l7dj09vv' parsed..
2024-06-19 11:18:46,396 - info - INFO - ad with code 'd8x6fwmv' parsed..
2024-06-19 11:18:46,402 - info - INFO - ad with code 'vmj8fnk2' parsed..
2024-06-19 11:18:46,406 - info - INFO - ad with code 'vjqgc51l' parsed..
2024-06-19 11:18:46,409 - info - INFO - ad with code 'uwf5znzd' parsed..
2024-06-19 11:18:46,413 - info - INFO - ad with code 'xpbfnk2u' parsed..
2024-06-19 11:18:46,420 - info - INFO - ad with code 'mk57neg2' parsed..
2024-06-19 11:18:46,422 - info - INFO - ad with code '17shjepr' parsed..
2024-06-19 11:18:46,428 - info - INFO - ad with code '8unm09rq' parsed..
2024-06-19 11:18:46,432 - info - INFO - ad with code 'giqq27u1' parsed..
2024-06-19 11:18:46,436 - info - INFO - ad with code 'lpdgok8n' parsed..
2024-06-19 11:18:46,442 - info - INFO - ad with code 'n4ncqaok' parsed..
2024-06-19 11:18:46,446 - info - INFO - ad with code 'h0mysprz' parsed..
2024-06-19 11:18:46,451 - info - INFO - ad with code '82q5nofl' parsed..
2024-06-19 11:18:46,454 - info - INFO - ad with code 'zj8faj6o' parsed..
2024-06-19 11:18:46,457 - info - INFO - ad with code 'hy1n80fx' parsed..
2024-06-19 11:18:46,461 - info - INFO - ad with code 'kgealktq' parsed..
2024-06-19 11:18:46,465 - info - INFO - ad with code 'ng6wzprx' parsed..
2024-06-19 11:18:46,469 - info - INFO - ad with code 'g2hot7zf' parsed..
2024-06-19 11:18:46,472 - info - INFO - ad with code '1wfdi2vh' parsed..
2024-06-19 11:18:46,476 - info - INFO - ad with code 'm1uvrjai' parsed..
2024-06-19 11:18:46,480 - info - INFO - ad with code 'ltajuxzq' parsed..
2024-06-19 11:18:46,484 - info - INFO - ad with code 'tpjrlhob' parsed..
2024-06-19 11:18:46,487 - info - INFO - ad with code 'pqqigcos' parsed..
2024-06-19 11:18:46,493 - info - INFO - ad with code '83imedgp' parsed..
2024-06-19 11:18:46,495 - info - INFO - ad with code 'hpi07thb' parsed..
2024-06-19 11:18:46,500 - info - INFO - ad with code 'qfd1h5u0' parsed..
2024-06-19 11:18:46,503 - info - INFO - ad with code '7kgbnhrz' parsed..
2024-06-19 11:18:46,506 - info - INFO - ad with code 'v49gz0e1' parsed..
2024-06-19 11:18:46,510 - info - INFO - ad with code 'd7xzv643' parsed..
2024-06-19 11:18:46,516 - info - INFO - ad with code 'uhlrwet1' parsed..
2024-06-19 11:18:46,520 - info - INFO - ad with code 'zvhnxx18' parsed..
2024-06-19 11:18:46,523 - info - INFO - ad with code 'htslekwh' parsed..
2024-06-19 11:18:46,526 - info - INFO - ad with code 'xn7lfhwf' parsed..
2024-06-19 11:18:46,531 - info - INFO - ad with code 'uaqsfw4t' parsed..
2024-06-19 11:18:46,533 - info - INFO - ad with code '0geriyts' parsed..
2024-06-19 11:18:46,537 - info - INFO - ad with code 'wyvhruj7' parsed..
2024-06-19 11:18:46,540 - info - INFO - ad with code 'nghttm46' parsed..
2024-06-19 11:18:46,543 - info - INFO - ad with code 'piam6n4x' parsed..
2024-06-19 11:18:46,546 - info - INFO - ad with code 'tshvvptk' parsed..
2024-06-19 11:18:46,548 - info - INFO - ad with code '8odspjov' parsed..
2024-06-19 11:18:46,554 - info - INFO - ad with code 'rkihhzvx' parsed..
2024-06-19 11:18:46,558 - info - INFO - ad with code 'agfcko80' parsed..
2024-06-19 11:18:46,563 - info - INFO - ad with code '8ra0iu3x' parsed..
2024-06-19 11:18:46,566 - info - INFO - ad with code 'wb3n6fmo' parsed..
2024-06-19 11:18:46,575 - info - INFO - ad with code 'fdula0i4' parsed..
2024-06-19 11:18:46,579 - info - INFO - ad with code 'ic9jmbvh' parsed..
2024-06-19 11:18:46,582 - info - INFO - ad with code 'ethqe1nb' parsed..
2024-06-19 11:18:46,586 - info - INFO - ad with code 'druxcgqz' parsed..
2024-06-19 11:18:46,590 - info - INFO - ad with code 'j7kbdf8n' parsed..
2024-06-19 11:18:46,595 - info - INFO - ad with code 'ksvtfzfc' parsed..
2024-06-19 11:18:46,600 - info - INFO - ad with code 'fwd0v5r2' parsed..
2024-06-19 11:18:46,606 - info - INFO - ad with code '56n4zqzh' parsed..
2024-06-19 11:18:46,611 - info - INFO - ad with code 'qb0igdwp' parsed..
2024-06-19 11:18:46,614 - info - INFO - ad with code 'cnlavwiw' parsed..
2024-06-19 11:18:46,621 - info - INFO - ad with code 'wmk0alw8' parsed..
2024-06-19 11:18:46,626 - info - INFO - ad with code 'n4whkucs' parsed..
2024-06-19 11:18:46,632 - info - INFO - ad with code 'afgnxxja' parsed..
2024-06-19 11:18:46,636 - info - INFO - ad with code 'tjmchsgl' parsed..
2024-06-19 11:18:46,641 - info - INFO - ad with code '0eoa5mcb' parsed..
2024-06-19 11:18:46,647 - info - INFO - ad with code 'rsjg6u2j' parsed..
2024-06-19 11:18:46,653 - info - INFO - ad with code 'pzqutry2' parsed..
2024-06-19 11:18:46,659 - info - INFO - ad with code 'trwkob7z' parsed..
2024-06-19 11:18:46,666 - info - INFO - ad with code '8elq4uq1' parsed..
2024-06-19 11:18:46,673 - info - INFO - ad with code 'umw9hant' parsed..
2024-06-19 11:18:46,681 - info - INFO - ad with code 'crq6vxvb' parsed..
2024-06-19 11:18:46,688 - info - INFO - ad with code 'xsabl9un' parsed..
2024-06-19 11:18:46,693 - info - INFO - ad with code 'euuktn4r' parsed..
2024-06-19 11:18:46,696 - info - INFO - ad with code 'l8b7higt' parsed..
2024-06-19 11:18:46,701 - info - INFO - ad with code 'n4bqjpdn' parsed..
2024-06-19 11:18:46,704 - info - INFO - ad with code 'xhq7vky5' parsed..
2024-06-19 11:18:46,708 - info - INFO - ad with code 's7cdieup' parsed..
2024-06-19 11:18:46,712 - info - INFO - ad with code '4jplrxre' parsed..
2024-06-19 11:18:46,718 - info - INFO - ad with code '2kldifzc' parsed..
2024-06-19 11:18:46,727 - info - INFO - ad with code 'lihxfpjr' parsed..
2024-06-19 11:18:46,734 - info - INFO - ad with code 'ckxhb8ct' parsed..
2024-06-19 11:18:46,740 - info - INFO - ad with code 'wgbxqqux' parsed..
2024-06-19 11:18:46,749 - info - INFO - ad with code '6gihry3e' parsed..
2024-06-19 11:18:46,757 - info - INFO - ad with code 'axue4lzf' parsed..
2024-06-19 11:18:46,762 - info - INFO - ad with code 'zslkcjgu' parsed..
2024-06-19 11:18:46,772 - info - INFO - ad with code 'lx8xiamb' parsed..
2024-06-19 11:18:46,780 - info - INFO - ad with code 'o8qtsnh2' parsed..
2024-06-19 11:18:46,790 - info - INFO - ad with code 'ncwvl5jf' parsed..
2024-06-19 11:18:46,795 - info - INFO - ad with code '5nsadqoy' parsed..
2024-06-19 11:18:46,806 - info - INFO - ad with code 'ws8ulfn9' parsed..
2024-06-19 11:18:46,815 - info - INFO - ad with code '7yqsvobj' parsed..
2024-06-19 11:18:46,824 - info - INFO - ad with code 'ixqsbku3' parsed..
2024-06-19 11:18:46,834 - info - INFO - ad with code 'wqfcease' parsed..
2024-06-19 11:18:46,842 - info - INFO - ad with code 'mtaoqkrh' parsed..
2024-06-19 11:18:46,848 - info - INFO - ad with code 'cv6p2osq' parsed..
2024-06-19 11:18:46,854 - info - INFO - ad with code 'ieofrqyu' parsed..
2024-06-19 11:18:46,860 - info - INFO - ad with code '2mnjrlec' parsed..
2024-06-19 11:18:46,865 - info - INFO - ad with code 'wnsvfi9d' parsed..
2024-06-19 11:18:46,870 - info - INFO - ad with code 'wlaif9j1' parsed..
2024-06-19 11:18:46,875 - info - INFO - ad with code 'mi84otqg' parsed..
2024-06-19 11:18:46,880 - info - INFO - ad with code 'mv6syuet' parsed..
2024-06-19 11:18:46,885 - info - INFO - ad with code 'xkuibdsx' parsed..
2024-06-19 11:18:46,890 - info - INFO - ad with code 'gwpu1bxb' parsed..
2024-06-19 11:18:46,894 - info - INFO - ad with code '3qt12hkf' parsed..
2024-06-19 11:18:46,898 - info - INFO - ad with code '67xsthw9' parsed..
2024-06-19 11:18:46,905 - info - INFO - ad with code 'bvivdlnt' parsed..
2024-06-19 11:18:46,911 - info - INFO - ad with code 'lowvzmep' parsed..
2024-06-19 11:18:46,916 - info - INFO - ad with code 'gdvjpbw9' parsed..
2024-06-19 11:18:46,921 - info - INFO - ad with code 'tkofipl5' parsed..
2024-06-19 11:18:46,924 - info - INFO - ad with code 'bjcujqsf' parsed..
2024-06-19 11:18:46,926 - info - INFO - ad with code 'gpdrxziz' parsed..
2024-06-19 11:18:46,929 - info - INFO - ad with code 'dips2ox3' parsed..
2024-06-19 11:18:46,932 - info - INFO - ad with code 'oq41frmz' parsed..
2024-06-19 11:18:46,934 - info - INFO - ad with code 'zm0d8f4k' parsed..
2024-06-19 11:18:46,937 - info - INFO - ad with code 'ojzhfrgk' parsed..
2024-06-19 11:18:46,940 - info - INFO - ad with code 'tbi0gzxo' parsed..
2024-06-19 11:18:46,942 - info - INFO - ad with code 'lmfvnrhd' parsed..
2024-06-19 11:18:46,945 - info - INFO - ad with code 'amoaky1y' parsed..
2024-06-19 11:18:46,948 - info - INFO - ad with code 'uajovwby' parsed..
2024-06-19 11:18:46,951 - info - INFO - ad with code '5ieddc3q' parsed..
2024-06-19 11:18:46,955 - info - INFO - ad with code 'ho5chaak' parsed..
2024-06-19 11:18:46,958 - info - INFO - ad with code 'mloi27ty' parsed..
2024-06-19 11:18:46,960 - info - INFO - ad with code 'uv8teo3r' parsed..
2024-06-19 11:18:46,963 - info - INFO - ad with code 'nw7ngfgv' parsed..
2024-06-19 11:18:46,966 - info - INFO - ad with code 'qyxbw08m' parsed..
2024-06-19 11:18:46,968 - info - INFO - ad with code 'zned2f3a' parsed..
2024-06-19 11:18:46,971 - info - INFO - ad with code 'hbqwdukg' parsed..
2024-06-19 11:18:46,974 - info - INFO - ad with code 'albwzlmw' parsed..
2024-06-19 11:18:46,977 - info - INFO - ad with code 'nrundaxi' parsed..
2024-06-19 11:18:46,980 - info - INFO - ad with code '7j620mve' parsed..
2024-06-19 11:18:46,982 - info - INFO - ad with code 'njyfhvi0' parsed..
2024-06-19 11:18:46,985 - info - INFO - ad with code '1qdwnrqb' parsed..
2024-06-19 11:18:46,988 - info - INFO - ad with code 'ticy0prb' parsed..
2024-06-19 11:18:46,991 - info - INFO - ad with code 'dxtpvm7t' parsed..
2024-06-19 11:18:46,993 - info - INFO - ad with code '3it4sfhr' parsed..
2024-06-19 11:18:46,996 - info - INFO - ad with code 'jx4ltqs0' parsed..
2024-06-19 11:18:46,999 - info - INFO - ad with code 'qebz0rhb' parsed..
2024-06-19 11:18:47,002 - info - INFO - ad with code 'n9gsbtos' parsed..
2024-06-19 11:18:47,004 - info - INFO - ad with code 'rjgoarw3' parsed..
2024-06-19 11:18:47,007 - info - INFO - ad with code 'rhjpi1ze' parsed..
2024-06-19 11:18:47,009 - info - INFO - ad with code '3pqjzsge' parsed..
2024-06-19 11:18:47,012 - info - INFO - ad with code 'ltspgwv2' parsed..
2024-06-19 11:18:47,014 - info - INFO - ad with code '67koqjbp' parsed..
2024-06-19 11:18:47,017 - info - INFO - ad with code '9ibdyhs3' parsed..
2024-06-19 11:18:47,020 - info - INFO - ad with code 'jwswynqe' parsed..
2024-06-19 11:18:47,022 - info - INFO - ad with code 'mt23ijx6' parsed..
2024-06-19 11:18:47,025 - info - INFO - ad with code 'ltw0v4ci' parsed..
2024-06-19 11:18:47,028 - info - INFO - ad with code 'vojtxphu' parsed..
2024-06-19 11:18:47,030 - info - INFO - ad with code 'wr8buluw' parsed..
2024-06-19 11:18:47,032 - info - INFO - ad with code 'erqowx3z' parsed..
2024-06-19 11:18:47,037 - info - INFO - ad with code 'ueap9c5h' parsed..
2024-06-19 11:18:47,039 - info - INFO - ad with code 'myjkgnsc' parsed..
2024-06-19 11:18:47,042 - info - INFO - ad with code 'agk0cvii' parsed..
2024-06-19 11:18:47,045 - info - INFO - ad with code 'yehfxdsk' parsed..
2024-06-19 11:18:47,047 - info - INFO - ad with code 'tgyxqo2v' parsed..
2024-06-19 11:18:47,051 - info - INFO - ad with code 'bai4haju' parsed..
2024-06-19 11:18:47,054 - info - INFO - ad with code '1r3knsqb' parsed..
2024-06-19 11:18:47,056 - info - INFO - ad with code 'duyvuef8' parsed..
2024-06-19 11:18:47,060 - info - INFO - ad with code 'ovzmdq7s' parsed..
2024-06-19 11:18:47,063 - info - INFO - ad with code 'mpznj10y' parsed..
2024-06-19 11:18:47,066 - info - INFO - ad with code 'v0mzrmnq' parsed..
2024-06-19 11:18:47,069 - info - INFO - ad with code 'wedvasqy' parsed..
2024-06-19 11:18:47,072 - info - INFO - ad with code '7vm5apvo' parsed..
2024-06-19 11:18:47,076 - info - INFO - ad with code 'ppk5vwao' parsed..
2024-06-19 11:18:47,078 - info - INFO - ad with code 'lt98zpok' parsed..
2024-06-19 11:18:47,082 - info - INFO - ad with code 'lwo9tnsg' parsed..
2024-06-19 11:18:47,086 - info - INFO - ad with code 'h3vznhr5' parsed..
2024-06-19 11:18:47,089 - info - INFO - ad with code 'jajhvlmt' parsed..
2024-06-19 11:18:47,093 - info - INFO - ad with code 'exrduoyt' parsed..
2024-06-19 11:18:47,098 - info - INFO - ad with code '2rbut6qw' parsed..
2024-06-19 11:18:47,101 - info - INFO - ad with code 'z1ay2r8c' parsed..
2024-06-19 11:18:47,105 - info - INFO - ad with code 'iqxojxfa' parsed..
2024-06-19 11:18:47,109 - info - INFO - ad with code 'kxdzgetp' parsed..
2024-06-19 11:18:47,113 - info - INFO - ad with code 'gynclftz' parsed..
2024-06-19 11:18:47,117 - info - INFO - ad with code 'l91op2z0' parsed..
2024-06-19 11:18:47,120 - info - INFO - ad with code 'gpdjzyqb' parsed..
2024-06-19 11:18:47,124 - info - INFO - ad with code 'yl5hdcbx' parsed..
2024-06-19 11:18:47,127 - info - INFO - ad with code 'yukojh0w' parsed..
2024-06-19 11:18:47,130 - info - INFO - ad with code 'z3iuhk69' parsed..
2024-06-19 11:18:47,133 - info - INFO - ad with code 'p9akxjgh' parsed..
2024-06-19 11:18:47,136 - info - INFO - ad with code 'ikzmge64' parsed..
2024-06-19 11:18:47,139 - info - INFO - ad with code 'mgq0wtsc' parsed..
2024-06-19 11:18:47,142 - info - INFO - ad with code 'obv8wijh' parsed..
2024-06-19 11:18:47,145 - info - INFO - ad with code 'ygaujzvi' parsed..
2024-06-19 11:18:47,148 - info - INFO - ad with code 'jzu0vnns' parsed..
2024-06-19 11:18:47,151 - info - INFO - ad with code 'nv0nlscp' parsed..
2024-06-19 11:18:47,154 - info - INFO - ad with code 'ypaj6iv0' parsed..
2024-06-19 11:18:47,157 - info - INFO - ad with code 'ugmh9xn8' parsed..
2024-06-19 11:18:47,159 - info - INFO - ad with code '2z8q1fov' parsed..
2024-06-19 11:18:47,163 - info - INFO - ad with code 'rghh9kdv' parsed..
2024-06-19 11:18:47,165 - info - INFO - ad with code 'yobyn3iz' parsed..
2024-06-19 11:18:47,168 - info - INFO - ad with code 'sce29rjd' parsed..
2024-06-19 11:18:47,171 - info - INFO - ad with code 'dygcym3s' parsed..
2024-06-19 11:18:47,174 - info - INFO - ad with code 'wdyegme5' parsed..
2024-06-19 11:18:47,177 - info - INFO - ad with code 'y061nqrg' parsed..
2024-06-19 11:18:47,181 - info - INFO - ad with code 'f3g8ml1z' parsed..
2024-06-19 11:18:47,184 - info - INFO - ad with code 'zjnxbp7u' parsed..
2024-06-19 11:18:47,188 - info - INFO - ad with code 'ywz0ur8y' parsed..
2024-06-19 11:18:47,191 - info - INFO - ad with code 'kleg9jrh' parsed..
2024-06-19 11:18:47,194 - info - INFO - ad with code '7debfr50' parsed..
2024-06-19 11:18:47,197 - info - INFO - ad with code '1jzhs9x4' parsed..
2024-06-19 11:18:47,199 - info - INFO - ad with code 'nuvjh1wi' parsed..
2024-06-19 11:18:47,203 - info - INFO - ad with code 'tnthjwrk' parsed..
2024-06-19 11:18:47,206 - info - INFO - ad with code '3pmdwjhb' parsed..
2024-06-19 11:18:47,209 - info - INFO - ad with code 'l2uefy8d' parsed..
2024-06-19 11:18:47,212 - info - INFO - ad with code '8cssvlbe' parsed..
2024-06-19 11:18:47,214 - info - INFO - ad with code 'el4uwqqy' parsed..
2024-06-19 11:18:47,217 - info - INFO - ad with code '4fbizzcv' parsed..
2024-06-19 11:18:47,220 - info - INFO - ad with code 'kwyvargs' parsed..
2024-06-19 11:18:47,223 - info - INFO - ad with code 'oqbut7yx' parsed..
2024-06-19 11:18:47,226 - info - INFO - ad with code 'zt3xsjmb' parsed..
2024-06-19 11:18:47,229 - info - INFO - ad with code 'uhboj2ip' parsed..
2024-06-19 11:18:47,232 - info - INFO - ad with code 'w6dmjgu9' parsed..
2024-06-19 11:18:47,236 - info - INFO - ad with code 'xixte5cj' parsed..
2024-06-19 11:18:47,238 - info - INFO - ad with code '364ef8sg' parsed..
2024-06-19 11:18:47,241 - info - INFO - ad with code 'lfnm1tsy' parsed..
2024-06-19 11:18:47,245 - info - INFO - ad with code 'dt3pqhge' parsed..
2024-06-19 11:18:47,247 - info - INFO - ad with code 'vnyubo4x' parsed..
2024-06-19 11:18:47,251 - info - INFO - ad with code 'mt106rki' parsed..
2024-06-19 11:18:47,254 - info - INFO - ad with code 'yltmv3pq' parsed..
2024-06-19 11:18:47,256 - info - INFO - ad with code 'jxpqormy' parsed..
2024-06-19 11:18:47,259 - info - INFO - ad with code 'xh1zfli0' parsed..
2024-06-19 11:18:47,262 - info - INFO - ad with code 'v41lhcov' parsed..
2024-06-19 11:18:47,264 - info - INFO - ad with code 'eq1o2hh0' parsed..
2024-06-19 11:18:47,267 - info - INFO - ad with code '3ixuzdhp' parsed..
2024-06-19 11:18:47,270 - info - INFO - ad with code 'nauoqspl' parsed..
2024-06-19 11:18:47,273 - info - INFO - ad with code 'nkjtxbch' parsed..
2024-06-19 11:18:47,276 - info - INFO - ad with code '2b4vepqk' parsed..
2024-06-19 11:18:47,279 - info - INFO - ad with code 'xwoa7udp' parsed..
2024-06-19 11:18:47,282 - info - INFO - ad with code 'av7ykkoq' parsed..
2024-06-19 11:18:47,285 - info - INFO - ad with code 'xhlcjgqq' parsed..
2024-06-19 11:18:47,288 - info - INFO - ad with code 'axyucwdo' parsed..
2024-06-19 11:18:47,291 - info - INFO - ad with code 'orw32yac' parsed..
2024-06-19 11:18:47,293 - info - INFO - ad with code 'jd5nc840' parsed..
2024-06-19 11:18:47,296 - info - INFO - ad with code '1otm7jzd' parsed..
2024-06-19 11:18:47,299 - info - INFO - ad with code 'c2brcaym' parsed..
2024-06-19 11:18:47,302 - info - INFO - ad with code 'ondkszim' parsed..
2024-06-19 11:18:47,305 - info - INFO - ad with code 'yvjpiuxe' parsed..
2024-06-19 11:18:47,307 - info - INFO - ad with code 'phyxnf9u' parsed..
2024-06-19 11:18:47,310 - info - INFO - ad with code 'ejo3fdqd' parsed..
2024-06-19 11:18:47,312 - info - INFO - ad with code 'qkzvgeaa' parsed..
2024-06-19 11:18:47,316 - info - INFO - ad with code '9ek7on8r' parsed..
2024-06-19 11:18:47,319 - info - INFO - ad with code 'ypke2rgq' parsed..
2024-06-19 11:18:47,322 - info - INFO - ad with code 'ney0cwhr' parsed..
2024-06-19 11:18:47,325 - info - INFO - ad with code 'rmuw5abi' parsed..
2024-06-19 11:18:47,327 - info - INFO - ad with code 'brml2cxk' parsed..
2024-06-19 11:18:47,330 - info - INFO - ad with code 'gphoj2mj' parsed..
2024-06-19 11:18:47,333 - info - INFO - ad with code 'khgm9fj1' parsed..
2024-06-19 11:18:47,336 - info - INFO - ad with code '41rvjlkd' parsed..
2024-06-19 11:18:47,340 - info - INFO - ad with code 'zwe9jw1n' parsed..
2024-06-19 11:18:47,342 - info - INFO - ad with code 'caxmj1fl' parsed..
2024-06-19 11:18:47,345 - info - INFO - ad with code 'ijtebzbl' parsed..
2024-06-19 11:18:47,349 - info - INFO - ad with code 'hrdqty8o' parsed..
2024-06-19 11:18:47,353 - info - INFO - ad with code 'j8m41lca' parsed..
2024-06-19 11:18:47,357 - info - INFO - ad with code 'blhqzi8f' parsed..
2024-06-19 11:18:47,361 - info - INFO - ad with code 'juzovtn0' parsed..
2024-06-19 11:18:47,366 - info - INFO - ad with code 'iffsgj5o' parsed..
2024-06-19 11:18:47,370 - info - INFO - ad with code 'bypthvw4' parsed..
2024-06-19 11:18:47,374 - info - INFO - ad with code 'vgl8qdas' parsed..
2024-06-19 11:18:47,377 - info - INFO - ad with code 'csbaixld' parsed..
2024-06-19 11:18:47,381 - info - INFO - ad with code 'vpuhbkiv' parsed..
2024-06-19 11:18:47,384 - info - INFO - ad with code 'fargpe2c' parsed..
2024-06-19 11:18:47,388 - info - INFO - ad with code '4vide2zl' parsed..
2024-06-19 11:18:47,393 - info - INFO - ad with code 'cysxjhpg' parsed..
2024-06-19 11:18:47,397 - info - INFO - ad with code 'vpurqya7' parsed..
2024-06-19 11:18:47,402 - info - INFO - ad with code 'qufvtlcx' parsed..
2024-06-19 11:18:47,405 - info - INFO - ad with code 'r5zghnxe' parsed..
2024-06-19 11:18:47,410 - info - INFO - ad with code 'hlizrg9y' parsed..
2024-06-19 11:18:47,413 - info - INFO - ad with code 'doyoh8li' parsed..
2024-06-19 11:18:47,416 - info - INFO - ad with code 'nn0a9c1r' parsed..
2024-06-19 11:18:47,419 - info - INFO - ad with code 'anppbchs' parsed..
2024-06-19 11:18:47,422 - info - INFO - ad with code 'yipmjhdr' parsed..
2024-06-19 11:18:47,426 - info - INFO - ad with code '3fzkhcsv' parsed..
2024-06-19 11:18:47,430 - info - INFO - ad with code 'ywhlben5' parsed..
2024-06-19 11:18:47,433 - info - INFO - ad with code 'pvfmkslx' parsed..
2024-06-19 11:18:47,438 - info - INFO - ad with code 'irohjnab' parsed..
2024-06-19 11:18:47,442 - info - INFO - ad with code 'ttkk3bur' parsed..
2024-06-19 11:18:47,446 - info - INFO - ad with code 'vfydo5ju' parsed..
2024-06-19 11:18:47,449 - info - INFO - ad with code 'eslcmwh6' parsed..
2024-06-19 11:18:47,455 - info - INFO - ad with code 'e7h4xpwq' parsed..
2024-06-19 11:18:47,461 - info - INFO - ad with code 'g73hak2u' parsed..
2024-06-19 11:18:47,467 - info - INFO - ad with code 'topelnwe' parsed..
2024-06-19 11:18:47,472 - info - INFO - ad with code 'eciank9j' parsed..
2024-06-19 11:18:47,476 - info - INFO - ad with code '0pmn6sqr' parsed..
2024-06-19 11:18:47,480 - info - INFO - ad with code 'sydq97xr' parsed..
2024-06-19 11:18:47,484 - info - INFO - ad with code 'xv7pxfau' parsed..
2024-06-19 11:18:47,488 - info - INFO - ad with code 'nwbtorvd' parsed..
2024-06-19 11:18:47,493 - info - INFO - ad with code 'l9swoiku' parsed..
2024-06-19 11:18:47,497 - info - INFO - ad with code 'x80n35wo' parsed..
2024-06-19 11:18:47,501 - info - INFO - ad with code 'frmqetkp' parsed..
2024-06-19 11:18:47,506 - info - INFO - ad with code 'dbu5skfo' parsed..
2024-06-19 11:18:47,510 - info - INFO - ad with code '2uc0plih' parsed..
2024-06-19 11:18:47,514 - info - INFO - ad with code 'dvifcvoc' parsed..
2024-06-19 11:18:47,518 - info - INFO - ad with code 'ejbpavfa' parsed..
2024-06-19 11:18:47,521 - info - INFO - ad with code 'amr85efk' parsed..
2024-06-19 11:18:47,526 - info - INFO - ad with code 'cfmu2yzd' parsed..
2024-06-19 11:18:47,530 - info - INFO - ad with code 'boizvxtq' parsed..
2024-06-19 11:18:47,535 - info - INFO - ad with code 's3ui84fd' parsed..
2024-06-19 11:18:47,538 - info - INFO - ad with code 'c9vprmgn' parsed..
2024-06-19 11:18:47,541 - info - INFO - ad with code 'pvytxbe6' parsed..
2024-06-19 11:18:47,544 - info - INFO - ad with code 'smyqdvuh' parsed..
2024-06-19 11:18:47,546 - info - INFO - ad with code 'vle4qwpp' parsed..
2024-06-19 11:18:47,549 - info - INFO - ad with code 'i1plratf' parsed..
2024-06-19 11:18:47,552 - info - INFO - ad with code 'hyldst54' parsed..
2024-06-19 11:18:47,556 - info - INFO - ad with code 'oyaqypcs' parsed..
2024-06-19 11:18:47,559 - info - INFO - ad with code '5uextpne' parsed..
2024-06-19 11:18:47,561 - info - INFO - ad with code 'p04chlw3' parsed..
2024-06-19 11:18:47,564 - info - INFO - ad with code 'z8xua23m' parsed..
2024-06-19 11:18:47,566 - info - INFO - ad with code 'ubpa2lte' parsed..
2024-06-19 11:18:47,568 - info - INFO - ad with code 'svr8lf9i' parsed..
2024-06-19 11:18:47,572 - info - INFO - ad with code 'bmhmb9pa' parsed..
2024-06-19 11:18:47,574 - info - INFO - ad with code 'dtpu9s02' parsed..
2024-06-19 11:18:47,576 - info - INFO - ad with code 'z9hbmcqp' parsed..
2024-06-19 11:18:47,579 - info - INFO - ad with code 'z7uquxwg' parsed..
2024-06-19 11:18:47,581 - info - INFO - ad with code 't6vabzph' parsed..
2024-06-19 11:18:47,583 - info - INFO - ad with code 'p9jwnxmm' parsed..
2024-06-19 11:18:47,586 - info - INFO - ad with code 'cz2b3rie' parsed..
2024-06-19 11:18:47,589 - info - INFO - ad with code 'a3lyfsap' parsed..
2024-06-19 11:18:47,591 - info - INFO - ad with code 'pirye5hc' parsed..
2024-06-19 11:18:47,594 - info - INFO - ad with code '7vocjkxl' parsed..
2024-06-19 11:18:47,596 - info - INFO - ad with code 'vqfhspb4' parsed..
2024-06-19 11:18:47,599 - info - INFO - ad with code 'i0slvtej' parsed..
2024-06-19 11:18:47,602 - info - INFO - ad with code 'ozxk6djp' parsed..
2024-06-19 11:18:47,606 - info - INFO - ad with code 'mvpkgjbn' parsed..
2024-06-19 11:18:47,609 - info - INFO - ad with code 'usvzn6ch' parsed..
2024-06-19 11:18:47,612 - info - INFO - ad with code 'swko2pqe' parsed..
2024-06-19 11:18:47,614 - info - INFO - ad with code '8cxdwtmx' parsed..
2024-06-19 11:18:47,616 - info - INFO - ad with code 'jx2rwvkh' parsed..
2024-06-19 11:18:47,619 - info - INFO - ad with code '5fhviydo' parsed..
2024-06-19 11:18:47,621 - info - INFO - ad with code 'cjjbu8nu' parsed..
2024-06-19 11:18:47,623 - info - INFO - ad with code 'kztvu0ob' parsed..
2024-06-19 11:18:47,626 - info - INFO - ad with code '4bdfva7d' parsed..
2024-06-19 11:18:47,628 - info - INFO - ad with code 'kbrmgfoe' parsed..
2024-06-19 11:18:47,630 - info - INFO - ad with code 'hiof6vvb' parsed..
2024-06-19 11:18:47,633 - info - INFO - ad with code 'ge5u4b0b' parsed..
2024-06-19 11:18:47,636 - info - INFO - ad with code 'csflwkdo' parsed..
2024-06-19 11:18:47,638 - info - INFO - ad with code 'dxiun8vl' parsed..
2024-06-19 11:18:47,641 - info - INFO - ad with code '7pchsgis' parsed..
2024-06-19 11:18:47,644 - info - INFO - ad with code 'hzznlg9f' parsed..
2024-06-19 11:18:47,646 - info - INFO - ad with code 'huwsc42a' parsed..
2024-06-19 11:18:47,648 - info - INFO - ad with code 'hxei4tjs' parsed..
2024-06-19 11:18:47,651 - info - INFO - ad with code 'tsequf0p' parsed..
2024-06-19 11:18:47,653 - info - INFO - ad with code 'gcxtd2md' parsed..
2024-06-19 11:18:47,656 - info - INFO - ad with code 'hl52o8vb' parsed..
2024-06-19 11:18:47,658 - info - INFO - ad with code 'cdrquypm' parsed..
2024-06-19 11:18:47,661 - info - INFO - ad with code 'ozi04b1k' parsed..
2024-06-19 11:18:47,664 - info - INFO - ad with code 'ivf8ih0l' parsed..
2024-06-19 11:18:47,666 - info - INFO - ad with code 'rugx0g8i' parsed..
2024-06-19 11:18:47,669 - info - INFO - ad with code '9ncnswkx' parsed..
2024-06-19 11:18:47,671 - info - INFO - ad with code 'pvqfo7yl' parsed..
2024-06-19 11:18:47,673 - info - INFO - ad with code 'crax31hb' parsed..
2024-06-19 11:18:47,676 - info - INFO - ad with code 'udahr2fq' parsed..
2024-06-19 11:49:20,152 - info - INFO - ad with code 'a3ylhbww' parsed..
2024-06-19 11:49:20,159 - info - INFO - ad with code 'tj3rrlo4' parsed..
2024-06-19 11:49:20,181 - info - INFO - ad with code '6bsc7qhz' parsed..
2024-06-19 11:49:20,190 - info - INFO - ad with code 'imkagzph' parsed..
2024-06-19 11:49:20,215 - info - INFO - ad with code 'ootchgmx' parsed..
2024-06-19 11:49:20,224 - info - INFO - ad with code '1dtuhft7' parsed..
2024-06-19 11:49:20,259 - info - INFO - ad with code 'zk5qyepo' parsed..
2024-06-19 11:49:20,286 - info - INFO - ad with code 'rn6jbuhq' parsed..
2024-06-19 11:49:20,294 - info - INFO - ad with code '9nh0z4cn' parsed..
2024-06-19 11:49:20,302 - info - INFO - ad with code 'bahx6xrc' parsed..
2024-06-19 11:49:20,312 - info - INFO - ad with code 'g45ftsyp' parsed..
2024-06-19 11:49:20,345 - info - INFO - ad with code 'c4re5plu' parsed..
2024-06-19 11:49:20,349 - info - INFO - ad with code 'hejwsiaf' parsed..
2024-06-19 11:49:20,357 - info - INFO - ad with code 'njo2viv3' parsed..
2024-06-19 11:49:20,363 - info - INFO - ad with code 'brplwsob' parsed..
